#
# There is insufficient memory for the Java Runtime Environment to continue.
# Native memory allocation (mmap) failed to map 4294967296 bytes for committing reserved memory.
# Possible reasons:
#   The system is out of physical RAM or swap space
#   The process is running with CompressedOops enabled, and the Java Heap may be blocking the growth of the native heap
# Possible solutions:
#   Reduce memory load on the system
#   Increase physical memory or swap space
#   Check if swap backing store is full
#   Decrease Java heap size (-Xmx/-Xms)
#   Decrease number of Java threads
#   Decrease Java thread stack sizes (-Xss)
#   Set larger code cache with -XX:ReservedCodeCacheSize=
#   JVM is running with Zero Based Compressed Oops mode in which the Java heap is
#     placed in the first 32GB address space. The Java Heap base address is the
#     maximum limit for the native heap growth. Please use -XX:HeapBaseMinAddress
#     to set the Java Heap base and to place the Java Heap above 32GB virtual address.
# This output file may be truncated or incomplete.
#
#  Out of Memory Error (os_linux.cpp:2731), pid=7786, tid=7787
#
# JRE version:  (17.0.1+12) (build )
# Java VM: OpenJDK 64-Bit Server VM (17.0.1+12-Ubuntu-120.04, mixed mode, sharing, tiered, compressed oops, compressed class ptrs, g1 gc, linux-amd64)
# Core dump will be written. Default location: Core dumps may be processed with "/usr/share/apport/apport %p %s %c %d %P %E" (or dumping to /home/azureuser/git/KrakenDuskMCServer/core.7786)
#

---------------  S U M M A R Y ------------

Command Line: -Xms4G -Xmx4G -XX:+UseG1GC -XX:+ParallelRefProcEnabled -XX:MaxGCPauseMillis=200 -XX:+UnlockExperimentalVMOptions -XX:+DisableExplicitGC -XX:+AlwaysPreTouch -XX:G1HeapWastePercent=5 -XX:G1MixedGCCountTarget=4 -XX:G1MixedGCLiveThresholdPercent=90 -XX:G1RSetUpdatingPauseTimePercent=5 -XX:SurvivorRatio=32 -XX:+PerfDisableSharedMem -XX:MaxTenuringThreshold=1 -XX:G1NewSizePercent=30 -XX:G1MaxNewSizePercent=40 -XX:G1HeapRegionSize=8M -XX:G1ReservePercent=20 -XX:InitiatingHeapOccupancyPercent=15 -Dusing.aikars.flags=https://mcflags.emc.gs/ -Daikars.new.flags=true server.jar nogui

Host: Intel(R) Xeon(R) Platinum 8171M CPU @ 2.60GHz, 2 cores, 3G, Ubuntu 20.04.3 LTS
Time: Wed Jan 12 07:35:23 2022 UTC elapsed time: 0.011104 seconds (0d 0h 0m 0s)

---------------  T H R E A D  ---------------

Current thread (0x00007f2fd0011950):  JavaThread "Unknown thread" [_thread_in_vm, id=7787, stack(0x00007f2fd5cdc000,0x00007f2fd5ddd000)]

Stack: [0x00007f2fd5cdc000,0x00007f2fd5ddd000],  sp=0x00007f2fd5ddb480,  free space=1021k
Native frames: (J=compiled Java code, j=interpreted, Vv=VM code, C=native code)
V  [libjvm.so+0xf523a5]
V  [libjvm.so+0xf53051]
V  [libjvm.so+0x614b27]
V  [libjvm.so+0xc22f20]
V  [libjvm.so+0xc1c1d1]
V  [libjvm.so+0x74459e]
V  [libjvm.so+0x758c11]
V  [libjvm.so+0x7ebd1c]
V  [libjvm.so+0x7ed129]
V  [libjvm.so+0x7ed342]
V  [libjvm.so+0x6fc916]
V  [libjvm.so+0x6fd0c7]
V  [libjvm.so+0xeff616]
V  [libjvm.so+0x80c6db]
V  [libjvm.so+0xed597f]
V  [libjvm.so+0x8d39a5]  JNI_CreateJavaVM+0x55
C  [libjli.so+0x3e01]
C  [libjli.so+0x84ed]


---------------  P R O C E S S  ---------------

Threads class SMR info:
_java_thread_list=0x00007f2fd74bf2a0, length=0, elements={
}

Java Threads: ( => current thread )

Other Threads:
  0x00007f2fd00562e0 GCTaskThread "GC Thread#0" [stack: 0x00007f2fb1063000,0x00007f2fb1163000] [id=7788]
  0x00007f2fd005b8b0 ConcurrentGCThread "G1 Main Marker" [stack: 0x00007f2fb0f61000,0x00007f2fb1061000] [id=7789]
  0x00007f2fd005c810 ConcurrentGCThread "G1 Conc#0" [stack: 0x00007f2fb0e5f000,0x00007f2fb0f5f000] [id=7790]

[error occurred during error reporting (printing all threads), id 0xb, SIGSEGV (0xb) at pc=0x00007f2fd683d964]

VM state: not at safepoint (not fully initialized)

VM Mutex/Monitor currently owned by a thread:  ([mutex/lock_event])
[0x00007f2fd000f430] Heap_lock - owner thread: 0x00007f2fd0011950

Heap address: 0x0000000700000000, size: 4096 MB, Compressed Oops mode: Zero based, Oop shift amount: 3

CDS archive(s) mapped at: [0x0000000000000000-0x0000000000000000-0x0000000000000000), size 0, SharedBaseAddress: 0x0000000800000000, ArchiveRelocationMode: 0.
Narrow klass base: 0x0000000000000000, Narrow klass shift: 0, Narrow klass range: 0x0

GC Precious Log:
<Empty>

Heap:
 garbage-first heap   total 0K, used 0K [0x0000000700000000, 0x0000000800000000)
  region size 8192K, 0 young (0K), 0 survivors (0K)

[error occurred during error reporting (printing heap information), id 0xb, SIGSEGV (0xb) at pc=0x00007f2fd6df1aee]

GC Heap History (0 events):
No events

Deoptimization events (0 events):
No events

Classes unloaded (0 events):
No events

Classes redefined (0 events):
No events

Internal exceptions (0 events):
No events

VM Operations (0 events):
No events

Events (3 events):
Event: 0.001 Protecting memory [0x00007f2fd5cdc000,0x00007f2fd5ce0000] with protection modes 0
Event: 0.001 Loaded shared library /usr/lib/jvm/java-17-openjdk-amd64/lib/libjava.so
Event: 0.001 Loaded shared library /usr/lib/jvm/java-17-openjdk-amd64/lib/libzip.so


Dynamic libraries:
5607991bf000-5607991c0000 r--p 00000000 08:11 788060                     /usr/lib/jvm/java-17-openjdk-amd64/bin/java
5607991c0000-5607991c1000 r-xp 00001000 08:11 788060                     /usr/lib/jvm/java-17-openjdk-amd64/bin/java
5607991c1000-5607991c2000 r--p 00002000 08:11 788060                     /usr/lib/jvm/java-17-openjdk-amd64/bin/java
5607991c2000-5607991c3000 r--p 00002000 08:11 788060                     /usr/lib/jvm/java-17-openjdk-amd64/bin/java
5607991c3000-5607991c4000 rw-p 00003000 08:11 788060                     /usr/lib/jvm/java-17-openjdk-amd64/bin/java
56079abb3000-56079abd4000 rw-p 00000000 00:00 0                          [heap]
7f2fa2000000-7f2fa4000000 rw-p 00000000 00:00 0 
7f2fa4000000-7f2fa4021000 rw-p 00000000 00:00 0 
7f2fa4021000-7f2fa8000000 ---p 00000000 00:00 0 
7f2fa8000000-7f2fa8021000 rw-p 00000000 00:00 0 
7f2fa8021000-7f2fac000000 ---p 00000000 00:00 0 
7f2fac000000-7f2fac021000 rw-p 00000000 00:00 0 
7f2fac021000-7f2fb0000000 ---p 00000000 00:00 0 
7f2fb0c5b000-7f2fb0e5d000 rw-p 00000000 00:00 0 
7f2fb0e5d000-7f2fb0e5e000 ---p 00000000 00:00 0 
7f2fb0e5e000-7f2fb0f5f000 rw-p 00000000 00:00 0 
7f2fb0f5f000-7f2fb0f60000 ---p 00000000 00:00 0 
7f2fb0f60000-7f2fb1061000 rw-p 00000000 00:00 0 
7f2fb1061000-7f2fb1062000 ---p 00000000 00:00 0 
7f2fb1062000-7f2fb1163000 rw-p 00000000 00:00 0 
7f2fb1163000-7f2fb9163000 ---p 00000000 00:00 0 
7f2fb9163000-7f2fb93d3000 rwxp 00000000 00:00 0 
7f2fb93d3000-7f2fb96f2000 ---p 00000000 00:00 0 
7f2fb96f2000-7f2fb9962000 rwxp 00000000 00:00 0 
7f2fb9962000-7f2fc0c2a000 ---p 00000000 00:00 0 
7f2fc0c2a000-7f2fc0e9a000 rwxp 00000000 00:00 0 
7f2fc0e9a000-7f2fc8163000 ---p 00000000 00:00 0 
7f2fc8163000-7f2fd0000000 r--s 00000000 08:11 788192                     /usr/lib/jvm/java-17-openjdk-amd64/lib/modules
7f2fd0000000-7f2fd006f000 rw-p 00000000 00:00 0 
7f2fd006f000-7f2fd4000000 ---p 00000000 00:00 0 
7f2fd40a6000-7f2fd40b8000 rw-p 00000000 00:00 0 
7f2fd40b8000-7f2fd58b8000 ---p 00000000 00:00 0 
7f2fd58b8000-7f2fd5abf000 rw-p 00000000 00:00 0 
7f2fd5abf000-7f2fd5ba5000 ---p 00000000 00:00 0 
7f2fd5ba5000-7f2fd5baa000 rw-p 00000000 00:00 0 
7f2fd5baa000-7f2fd5c90000 ---p 00000000 00:00 0 
7f2fd5c90000-7f2fd5c95000 rw-p 00000000 00:00 0 
7f2fd5c95000-7f2fd5c9c000 ---p 00000000 00:00 0 
7f2fd5c9c000-7f2fd5c9e000 r--s 0000c000 08:11 9737                       /usr/share/java/java-atk-wrapper.jar
7f2fd5c9e000-7f2fd5ca0000 r--p 00000000 08:11 788191                     /usr/lib/jvm/java-17-openjdk-amd64/lib/libzip.so
7f2fd5ca0000-7f2fd5ca5000 r-xp 00002000 08:11 788191                     /usr/lib/jvm/java-17-openjdk-amd64/lib/libzip.so
7f2fd5ca5000-7f2fd5ca7000 r--p 00007000 08:11 788191                     /usr/lib/jvm/java-17-openjdk-amd64/lib/libzip.so
7f2fd5ca7000-7f2fd5ca8000 r--p 00008000 08:11 788191                     /usr/lib/jvm/java-17-openjdk-amd64/lib/libzip.so
7f2fd5ca8000-7f2fd5ca9000 rw-p 00009000 08:11 788191                     /usr/lib/jvm/java-17-openjdk-amd64/lib/libzip.so
7f2fd5ca9000-7f2fd5cb5000 r--p 00000000 08:11 788170                     /usr/lib/jvm/java-17-openjdk-amd64/lib/libjava.so
7f2fd5cb5000-7f2fd5cc8000 r-xp 0000c000 08:11 788170                     /usr/lib/jvm/java-17-openjdk-amd64/lib/libjava.so
7f2fd5cc8000-7f2fd5cce000 r--p 0001f000 08:11 788170                     /usr/lib/jvm/java-17-openjdk-amd64/lib/libjava.so
7f2fd5cce000-7f2fd5ccf000 ---p 00025000 08:11 788170                     /usr/lib/jvm/java-17-openjdk-amd64/lib/libjava.so
7f2fd5ccf000-7f2fd5cd0000 r--p 00025000 08:11 788170                     /usr/lib/jvm/java-17-openjdk-amd64/lib/libjava.so
7f2fd5cd0000-7f2fd5cd1000 rw-p 00026000 08:11 788170                     /usr/lib/jvm/java-17-openjdk-amd64/lib/libjava.so
7f2fd5cd1000-7f2fd5cda000 rw-p 00000000 00:00 0 
7f2fd5cda000-7f2fd5cdb000 ---p 00000000 00:00 0 
7f2fd5cdb000-7f2fd5cdc000 r--p 00000000 00:00 0 
7f2fd5cdc000-7f2fd5ce0000 ---p 00000000 00:00 0 
7f2fd5ce0000-7f2fd5ddd000 rw-p 00000000 00:00 0 
7f2fd5ddd000-7f2fd5de0000 r--p 00000000 08:11 86618                      /lib/x86_64-linux-gnu/libgcc_s.so.1
7f2fd5de0000-7f2fd5df2000 r-xp 00003000 08:11 86618                      /lib/x86_64-linux-gnu/libgcc_s.so.1
7f2fd5df2000-7f2fd5df6000 r--p 00015000 08:11 86618                      /lib/x86_64-linux-gnu/libgcc_s.so.1
7f2fd5df6000-7f2fd5df7000 r--p 00018000 08:11 86618                      /lib/x86_64-linux-gnu/libgcc_s.so.1
7f2fd5df7000-7f2fd5df8000 rw-p 00019000 08:11 86618                      /lib/x86_64-linux-gnu/libgcc_s.so.1
7f2fd5df8000-7f2fd5e07000 r--p 00000000 08:11 20188                      /lib/x86_64-linux-gnu/libm-2.31.so
7f2fd5e07000-7f2fd5eae000 r-xp 0000f000 08:11 20188                      /lib/x86_64-linux-gnu/libm-2.31.so
7f2fd5eae000-7f2fd5f45000 r--p 000b6000 08:11 20188                      /lib/x86_64-linux-gnu/libm-2.31.so
7f2fd5f45000-7f2fd5f46000 r--p 0014c000 08:11 20188                      /lib/x86_64-linux-gnu/libm-2.31.so
7f2fd5f46000-7f2fd5f47000 rw-p 0014d000 08:11 20188                      /lib/x86_64-linux-gnu/libm-2.31.so
7f2fd5f47000-7f2fd5fdd000 r--p 00000000 08:11 9420                       /usr/lib/x86_64-linux-gnu/libstdc++.so.6.0.28
7f2fd5fdd000-7f2fd60ce000 r-xp 00096000 08:11 9420                       /usr/lib/x86_64-linux-gnu/libstdc++.so.6.0.28
7f2fd60ce000-7f2fd6117000 r--p 00187000 08:11 9420                       /usr/lib/x86_64-linux-gnu/libstdc++.so.6.0.28
7f2fd6117000-7f2fd6118000 ---p 001d0000 08:11 9420                       /usr/lib/x86_64-linux-gnu/libstdc++.so.6.0.28
7f2fd6118000-7f2fd6123000 r--p 001d0000 08:11 9420                       /usr/lib/x86_64-linux-gnu/libstdc++.so.6.0.28
7f2fd6123000-7f2fd6126000 rw-p 001db000 08:11 9420                       /usr/lib/x86_64-linux-gnu/libstdc++.so.6.0.28
7f2fd6126000-7f2fd6129000 rw-p 00000000 00:00 0 
7f2fd6129000-7f2fd6378000 r--p 00000000 08:11 1040929                    /usr/lib/jvm/java-17-openjdk-amd64/lib/server/libjvm.so
7f2fd6378000-7f2fd70fe000 r-xp 0024f000 08:11 1040929                    /usr/lib/jvm/java-17-openjdk-amd64/lib/server/libjvm.so
7f2fd70fe000-7f2fd7383000 r--p 00fd5000 08:11 1040929                    /usr/lib/jvm/java-17-openjdk-amd64/lib/server/libjvm.so
7f2fd7383000-7f2fd743b000 r--p 01259000 08:11 1040929                    /usr/lib/jvm/java-17-openjdk-amd64/lib/server/libjvm.so
7f2fd743b000-7f2fd746f000 rw-p 01311000 08:11 1040929                    /usr/lib/jvm/java-17-openjdk-amd64/lib/server/libjvm.so
7f2fd746f000-7f2fd74cb000 rw-p 00000000 00:00 0 
7f2fd74cb000-7f2fd74d2000 r--p 00000000 08:11 26847                      /lib/x86_64-linux-gnu/libpthread-2.31.so
7f2fd74d2000-7f2fd74e3000 r-xp 00007000 08:11 26847                      /lib/x86_64-linux-gnu/libpthread-2.31.so
7f2fd74e3000-7f2fd74e8000 r--p 00018000 08:11 26847                      /lib/x86_64-linux-gnu/libpthread-2.31.so
7f2fd74e8000-7f2fd74e9000 r--p 0001c000 08:11 26847                      /lib/x86_64-linux-gnu/libpthread-2.31.so
7f2fd74e9000-7f2fd74ea000 rw-p 0001d000 08:11 26847                      /lib/x86_64-linux-gnu/libpthread-2.31.so
7f2fd74ea000-7f2fd74ee000 rw-p 00000000 00:00 0 
7f2fd74ee000-7f2fd74ef000 r--p 00000000 08:11 18634                      /lib/x86_64-linux-gnu/libdl-2.31.so
7f2fd74ef000-7f2fd74f1000 r-xp 00001000 08:11 18634                      /lib/x86_64-linux-gnu/libdl-2.31.so
7f2fd74f1000-7f2fd74f2000 r--p 00003000 08:11 18634                      /lib/x86_64-linux-gnu/libdl-2.31.so
7f2fd74f2000-7f2fd74f3000 r--p 00003000 08:11 18634                      /lib/x86_64-linux-gnu/libdl-2.31.so
7f2fd74f3000-7f2fd74f4000 rw-p 00004000 08:11 18634                      /lib/x86_64-linux-gnu/libdl-2.31.so
7f2fd74f4000-7f2fd74f6000 r--p 00000000 08:11 38                         /lib/x86_64-linux-gnu/libz.so.1.2.11
7f2fd74f6000-7f2fd7507000 r-xp 00002000 08:11 38                         /lib/x86_64-linux-gnu/libz.so.1.2.11
7f2fd7507000-7f2fd750d000 r--p 00013000 08:11 38                         /lib/x86_64-linux-gnu/libz.so.1.2.11
7f2fd750d000-7f2fd750e000 ---p 00019000 08:11 38                         /lib/x86_64-linux-gnu/libz.so.1.2.11
7f2fd750e000-7f2fd750f000 r--p 00019000 08:11 38                         /lib/x86_64-linux-gnu/libz.so.1.2.11
7f2fd750f000-7f2fd7510000 rw-p 0001a000 08:11 38                         /lib/x86_64-linux-gnu/libz.so.1.2.11
7f2fd7510000-7f2fd7535000 r--p 00000000 08:11 17915                      /lib/x86_64-linux-gnu/libc-2.31.so
7f2fd7535000-7f2fd76ad000 r-xp 00025000 08:11 17915                      /lib/x86_64-linux-gnu/libc-2.31.so
7f2fd76ad000-7f2fd76f7000 r--p 0019d000 08:11 17915                      /lib/x86_64-linux-gnu/libc-2.31.so
7f2fd76f7000-7f2fd76f8000 ---p 001e7000 08:11 17915                      /lib/x86_64-linux-gnu/libc-2.31.so
7f2fd76f8000-7f2fd76fb000 r--p 001e7000 08:11 17915                      /lib/x86_64-linux-gnu/libc-2.31.so
7f2fd76fb000-7f2fd76fe000 rw-p 001ea000 08:11 17915                      /lib/x86_64-linux-gnu/libc-2.31.so
7f2fd76fe000-7f2fd7702000 rw-p 00000000 00:00 0 
7f2fd7703000-7f2fd7705000 r--p 00000000 08:11 788173                     /usr/lib/jvm/java-17-openjdk-amd64/lib/libjimage.so
7f2fd7705000-7f2fd7708000 r-xp 00002000 08:11 788173                     /usr/lib/jvm/java-17-openjdk-amd64/lib/libjimage.so
7f2fd7708000-7f2fd7709000 r--p 00005000 08:11 788173                     /usr/lib/jvm/java-17-openjdk-amd64/lib/libjimage.so
7f2fd7709000-7f2fd770a000 ---p 00006000 08:11 788173                     /usr/lib/jvm/java-17-openjdk-amd64/lib/libjimage.so
7f2fd770a000-7f2fd770b000 r--p 00006000 08:11 788173                     /usr/lib/jvm/java-17-openjdk-amd64/lib/libjimage.so
7f2fd770b000-7f2fd770c000 rw-p 00007000 08:11 788173                     /usr/lib/jvm/java-17-openjdk-amd64/lib/libjimage.so
7f2fd770c000-7f2fd770e000 r--p 00000000 08:11 788174                     /usr/lib/jvm/java-17-openjdk-amd64/lib/libjli.so
7f2fd770e000-7f2fd7718000 r-xp 00002000 08:11 788174                     /usr/lib/jvm/java-17-openjdk-amd64/lib/libjli.so
7f2fd7718000-7f2fd771b000 r--p 0000c000 08:11 788174                     /usr/lib/jvm/java-17-openjdk-amd64/lib/libjli.so
7f2fd771b000-7f2fd771c000 ---p 0000f000 08:11 788174                     /usr/lib/jvm/java-17-openjdk-amd64/lib/libjli.so
7f2fd771c000-7f2fd771d000 r--p 0000f000 08:11 788174                     /usr/lib/jvm/java-17-openjdk-amd64/lib/libjli.so
7f2fd771d000-7f2fd771e000 rw-p 00010000 08:11 788174                     /usr/lib/jvm/java-17-openjdk-amd64/lib/libjli.so
7f2fd771e000-7f2fd7720000 rw-p 00000000 00:00 0 
7f2fd7720000-7f2fd7721000 r--p 00000000 08:11 17673                      /lib/x86_64-linux-gnu/ld-2.31.so
7f2fd7721000-7f2fd7744000 r-xp 00001000 08:11 17673                      /lib/x86_64-linux-gnu/ld-2.31.so
7f2fd7744000-7f2fd774c000 r--p 00024000 08:11 17673                      /lib/x86_64-linux-gnu/ld-2.31.so
7f2fd774c000-7f2fd774d000 ---p 00000000 00:00 0 
7f2fd774d000-7f2fd774e000 r--p 0002c000 08:11 17673                      /lib/x86_64-linux-gnu/ld-2.31.so
7f2fd774e000-7f2fd774f000 rw-p 0002d000 08:11 17673                      /lib/x86_64-linux-gnu/ld-2.31.so
7f2fd774f000-7f2fd7750000 rw-p 00000000 00:00 0 
7ffdf5a8a000-7ffdf5aab000 rw-p 00000000 00:00 0                          [stack]
7ffdf5b06000-7ffdf5b0a000 r--p 00000000 00:00 0                          [vvar]
7ffdf5b0a000-7ffdf5b0c000 r-xp 00000000 00:00 0                          [vdso]
ffffffffff600000-ffffffffff601000 r-xp 00000000 00:00 0                  [vsyscall]


VM Arguments:
jvm_args: -Xms4G -Xmx4G -XX:+UseG1GC -XX:+ParallelRefProcEnabled -XX:MaxGCPauseMillis=200 -XX:+UnlockExperimentalVMOptions -XX:+DisableExplicitGC -XX:+AlwaysPreTouch -XX:G1HeapWastePercent=5 -XX:G1MixedGCCountTarget=4 -XX:G1MixedGCLiveThresholdPercent=90 -XX:G1RSetUpdatingPauseTimePercent=5 -XX:SurvivorRatio=32 -XX:+PerfDisableSharedMem -XX:MaxTenuringThreshold=1 -XX:G1NewSizePercent=30 -XX:G1MaxNewSizePercent=40 -XX:G1HeapRegionSize=8M -XX:G1ReservePercent=20 -XX:InitiatingHeapOccupancyPercent=15 -Dusing.aikars.flags=https://mcflags.emc.gs/ -Daikars.new.flags=true 
java_command: server.jar nogui
java_class_path (initial): server.jar
Launcher Type: SUN_STANDARD

[Global flags]
     bool AlwaysPreTouch                           = true                                      {product} {command line}
     bool AlwaysTenure                             = false                                     {product} {command line}
     intx CICompilerCount                          = 2                                         {product} {ergonomic}
     uint ConcGCThreads                            = 1                                         {product} {ergonomic}
     bool DisableExplicitGC                        = true                                      {product} {command line}
     uint G1ConcRefinementThreads                  = 2                                         {product} {ergonomic}
     uint G1EagerReclaimRemSetThreshold            = 64                                   {experimental} {ergonomic}
   size_t G1HeapRegionSize                         = 8388608                                   {product} {command line}
    uintx G1HeapWastePercent                       = 5                                         {product} {command line}
    uintx G1MaxNewSizePercent                      = 40                                   {experimental} {command line}
    uintx G1MixedGCCountTarget                     = 4                                         {product} {command line}
    uintx G1MixedGCLiveThresholdPercent            = 90                                   {experimental} {command line}
    uintx G1NewSizePercent                         = 30                                   {experimental} {command line}
     intx G1RSetUpdatingPauseTimePercent           = 5                                         {product} {command line}
    uintx G1ReservePercent                         = 20                                        {product} {command line}
    uintx GCDrainStackTargetSize                   = 64                                        {product} {ergonomic}
   size_t InitialHeapSize                          = 4294967296                                {product} {command line}
    uintx InitialTenuringThreshold                 = 1                                         {product} {ergonomic}
    uintx InitiatingHeapOccupancyPercent           = 15                                        {product} {command line}
   size_t MarkStackSize                            = 4194304                                   {product} {ergonomic}
    uintx MaxGCPauseMillis                         = 200                                       {product} {command line}
   size_t MaxHeapSize                              = 4294967296                                {product} {command line}
    uintx MaxTenuringThreshold                     = 1                                         {product} {command line}
   size_t MinHeapDeltaBytes                        = 8388608                                   {product} {ergonomic}
   size_t MinHeapSize                              = 4294967296                                {product} {command line}
     bool NeverTenure                              = false                                     {product} {command line}
    uintx NonNMethodCodeHeapSize                   = 5826188                                {pd product} {ergonomic}
    uintx NonProfiledCodeHeapSize                  = 122916026                              {pd product} {ergonomic}
     bool ParallelRefProcEnabled                   = true                                      {product} {command line}
     bool PerfDisableSharedMem                     = true                                      {product} {command line}
    uintx ProfiledCodeHeapSize                     = 122916026                              {pd product} {ergonomic}
    uintx ReservedCodeCacheSize                    = 251658240                              {pd product} {ergonomic}
     bool SegmentedCodeCache                       = true                                      {product} {ergonomic}
   size_t SoftMaxHeapSize                          = 4294967296                             {manageable} {ergonomic}
    uintx SurvivorRatio                            = 32                                        {product} {command line}
     bool UnlockExperimentalVMOptions              = true                                 {experimental} {command line}
     bool UseCompressedClassPointers               = true                           {product lp64_product} {ergonomic}
     bool UseCompressedOops                        = true                           {product lp64_product} {ergonomic}
     bool UseG1GC                                  = true                                      {product} {command line}

Logging:
Log output configuration:
 #0: stdout all=warning uptime,level,tags
 #1: stderr all=off uptime,level,tags

Environment Variables:
PATH=/usr/local/sbin:/usr/local/bin:/usr/sbin:/usr/bin:/sbin:/bin:/snap/bin
SHELL=/bin/bash
LANG=C.UTF-8

Signal Handlers:
   SIGSEGV: 0x00007f2fd707c070 in libjvm.so+16068720, mask=11100100010111111101111111111110, flags=SA_RESTART|SA_SIGINFO
    SIGBUS: 0x00007f2fd707c070 in libjvm.so+16068720, mask=11100100010111111101111111111110, flags=SA_RESTART|SA_SIGINFO
    SIGFPE: 0x00007f2fd707c070 in libjvm.so+16068720, mask=11100100010111111101111111111110, flags=SA_RESTART|SA_SIGINFO
   SIGPIPE: 0x00007f2fd6f1ed90 in libjvm.so+14638480, mask=11100100010111111101111111111110, flags=SA_RESTART|SA_SIGINFO
   SIGXFSZ: 0x00007f2fd6f1ed90 in libjvm.so+14638480, mask=11100100010111111101111111111110, flags=SA_RESTART|SA_SIGINFO
    SIGILL: 0x00007f2fd707c070 in libjvm.so+16068720, mask=11100100010111111101111111111110, flags=SA_RESTART|SA_SIGINFO
   SIGUSR2: 0x00007f2fd6f1e420 in libjvm.so+14636064, mask=00000000000000000000000000000000, flags=SA_RESTART|SA_SIGINFO
    SIGHUP: SIG_DFL, mask=00000000000000000000000000000000, flags=none
    SIGINT: SIG_DFL, mask=00000000000000000000000000000000, flags=none
   SIGTERM: SIG_DFL, mask=00000000000000000000000000000000, flags=none
   SIGQUIT: SIG_DFL, mask=00000000000000000000000000000000, flags=none
   SIGTRAP: 0x00007f2fd707c070 in libjvm.so+16068720, mask=11100100010111111101111111111110, flags=SA_RESTART|SA_SIGINFO


---------------  S Y S T E M  ---------------

OS:
DISTRIB_ID=Ubuntu
DISTRIB_RELEASE=20.04
DISTRIB_CODENAME=focal
DISTRIB_DESCRIPTION="Ubuntu 20.04.3 LTS"
uname: Linux 5.11.0-1025-azure #27~20.04.1-Ubuntu SMP Fri Jan 7 15:02:06 UTC 2022 x86_64
OS uptime: 0 days 0:34 hours
libc: glibc 2.31 NPTL 2.31 
rlimit (soft/hard): STACK 8192k/infinity , CORE 0k/infinity , NPROC 15599/15599 , NOFILE 1048576/1048576 , AS infinity/infinity , CPU infinity/infinity , DATA infinity/infinity , FSIZE infinity/infinity , MEMLOCK 65536k/65536k
load average: 0.29 0.10 0.06

/proc/meminfo:
MemTotal:        4028328 kB
MemFree:         2032804 kB
MemAvailable:    3502924 kB
Buffers:           38012 kB
Cached:          1623808 kB
SwapCached:            0 kB
Active:           945252 kB
Inactive:         883140 kB
Active(anon):       1048 kB
Inactive(anon):   169544 kB
Active(file):     944204 kB
Inactive(file):   713596 kB
Unevictable:       18588 kB
Mlocked:           18588 kB
SwapTotal:             0 kB
SwapFree:              0 kB
Dirty:             21080 kB
Writeback:             0 kB
AnonPages:        182404 kB
Mapped:           130752 kB
Shmem:              1080 kB
KReclaimable:      51312 kB
Slab:              90860 kB
SReclaimable:      51312 kB
SUnreclaim:        39548 kB
KernelStack:        3264 kB
PageTables:         3580 kB
NFS_Unstable:          0 kB
Bounce:                0 kB
WritebackTmp:          0 kB
CommitLimit:     2014164 kB
Committed_AS:     640708 kB
VmallocTotal:   34359738367 kB
VmallocUsed:       32844 kB
VmallocChunk:          0 kB
Percpu:             1576 kB
HardwareCorrupted:     0 kB
AnonHugePages:     26624 kB
ShmemHugePages:        0 kB
ShmemPmdMapped:        0 kB
FileHugePages:         0 kB
FilePmdMapped:         0 kB
HugePages_Total:       0
HugePages_Free:        0
HugePages_Rsvd:        0
HugePages_Surp:        0
Hugepagesize:       2048 kB
Hugetlb:               0 kB
DirectMap4k:      106432 kB
DirectMap2M:     3039232 kB
DirectMap1G:     3145728 kB

/sys/kernel/mm/transparent_hugepage/enabled: [always] madvise never
/sys/kernel/mm/transparent_hugepage/defrag (defrag/compaction efforts parameter): always defer defer+madvise [madvise] never

Process Memory:
Virtual Size: 862828K (peak: 5057132K)
Resident Set Size: 22500K (peak: 22500K) (anon: 9504K, file: 12996K, shmem: 0K)
Swapped out: 0K
C-Heap outstanding allocations: 551K

/proc/sys/kernel/threads-max (system-wide limit on the number of threads): 31199
/proc/sys/vm/max_map_count (maximum number of memory map areas a process may have): 65530
/proc/sys/kernel/pid_max (system-wide limit on number of process identifiers): 4194304

container (cgroup) information:
container_type: cgroupv1
cpu_cpuset_cpus: 0-1
cpu_memory_nodes: 0
active_processor_count: 2
cpu_quota: no quota
cpu_period: 100000
cpu_shares: no shares
memory_limit_in_bytes: unlimited
memory_and_swap_limit_in_bytes: unlimited
memory_soft_limit_in_bytes: unlimited
memory_usage_in_bytes: 1098674176
memory_max_usage_in_bytes: 1448640512

Hyper-V virtualization detected
Steal ticks since vm start: 0
Steal ticks percentage since vm start:  0.000

CPU: total 2 (initial active 2) (2 cores per cpu, 1 threads per core) family 6 model 85 stepping 4 microcode 0xffffffff, cx8, cmov, fxsr, mmx, 3dnowpref, sse, sse2, sse3, ssse3, sse4.1, sse4.2, popcnt, lzcnt, tsc, avx, avx2, aes, erms, clmul, bmi1, bmi2, rtm, adx, fma, vzeroupper, clflush, clflushopt, hv
CPU Model and flags from /proc/cpuinfo:
model name	: Intel(R) Xeon(R) Platinum 8171M CPU @ 2.60GHz
flags		: fpu vme de pse tsc msr pae mce cx8 apic sep mtrr pge mca cmov pat pse36 clflush mmx fxsr sse sse2 ss ht syscall nx pdpe1gb rdtscp lm constant_tsc rep_good nopl xtopology cpuid pni pclmulqdq ssse3 fma cx16 pcid sse4_1 sse4_2 movbe popcnt aes xsave avx f16c rdrand hypervisor lahf_lm abm 3dnowprefetch invpcid_single pti fsgsbase bmi1 hle avx2 smep bmi2 erms invpcid rtm mpx avx512f avx512dq rdseed adx smap clflushopt avx512cd avx512bw avx512vl xsaveopt xsavec xsaves md_clear

Online cpus: 0-1
Offline cpus: 
BIOS frequency limitation: <Not Available>
Frequency switch latency (ns): <Not Available>
Available cpu frequencies: <Not Available>
Current governor: <Not Available>
Core performance/turbo boost: <Not Available>

Memory: 4k page, physical 4028328k(2032804k free), swap 0k(0k free)
Page Sizes: 4k

vm_info: OpenJDK 64-Bit Server VM (17.0.1+12-Ubuntu-120.04) for linux-amd64 JRE (17.0.1+12-Ubuntu-120.04), built on Oct 29 2021 11:12:19 by "unknown" with gcc 9.3.0

END.
