#
# There is insufficient memory for the Java Runtime Environment to continue.
# Native memory allocation (mmap) failed to map 4294967296 bytes for committing reserved memory.
# Possible reasons:
#   The system is out of physical RAM or swap space
#   The process is running with CompressedOops enabled, and the Java Heap may be blocking the growth of the native heap
# Possible solutions:
#   Reduce memory load on the system
#   Increase physical memory or swap space
#   Check if swap backing store is full
#   Decrease Java heap size (-Xmx/-Xms)
#   Decrease number of Java threads
#   Decrease Java thread stack sizes (-Xss)
#   Set larger code cache with -XX:ReservedCodeCacheSize=
#   JVM is running with Zero Based Compressed Oops mode in which the Java heap is
#     placed in the first 32GB address space. The Java Heap base address is the
#     maximum limit for the native heap growth. Please use -XX:HeapBaseMinAddress
#     to set the Java Heap base and to place the Java Heap above 32GB virtual address.
# This output file may be truncated or incomplete.
#
#  Out of Memory Error (os_linux.cpp:2731), pid=4154, tid=4155
#
# JRE version:  (17.0.1+12) (build )
# Java VM: OpenJDK 64-Bit Server VM (17.0.1+12-Ubuntu-120.04, mixed mode, sharing, tiered, compressed oops, compressed class ptrs, g1 gc, linux-amd64)
# Core dump will be written. Default location: Core dumps may be processed with "/usr/share/apport/apport %p %s %c %d %P %E" (or dumping to /home/azureuser/git/KrakenDuskMCServer/core.4154)
#

---------------  S U M M A R Y ------------

Command Line: -Xms4G -Xmx4G server.jar nogui

Host: Intel(R) Xeon(R) CPU E5-2673 v4 @ 2.30GHz, 2 cores, 3G, Ubuntu 20.04.3 LTS
Time: Sat Jan  1 19:19:19 2022 UTC elapsed time: 0.148146 seconds (0d 0h 0m 0s)

---------------  T H R E A D  ---------------

Current thread (0x00007f0e5c013610):  JavaThread "Unknown thread" [_thread_in_vm, id=4155, stack(0x00007f0e63df7000,0x00007f0e63ef8000)]

Stack: [0x00007f0e63df7000,0x00007f0e63ef8000],  sp=0x00007f0e63ef6480,  free space=1021k
Native frames: (J=compiled Java code, j=interpreted, Vv=VM code, C=native code)
V  [libjvm.so+0xf523a5]
V  [libjvm.so+0xf53051]
V  [libjvm.so+0x614b27]
V  [libjvm.so+0xc22f20]
V  [libjvm.so+0xc1c1d1]
V  [libjvm.so+0x74459e]
V  [libjvm.so+0x758c11]
V  [libjvm.so+0x7ebd1c]
V  [libjvm.so+0x7ed129]
V  [libjvm.so+0x7ed342]
V  [libjvm.so+0x6fc916]
V  [libjvm.so+0x6fd0c7]
V  [libjvm.so+0xeff616]
V  [libjvm.so+0x80c6db]
V  [libjvm.so+0xed597f]
V  [libjvm.so+0x8d39a5]  JNI_CreateJavaVM+0x55
C  [libjli.so+0x3e01]
C  [libjli.so+0x84ed]


---------------  P R O C E S S  ---------------

Threads class SMR info:
_java_thread_list=0x00007f0e655da2a0, length=0, elements={
}

Java Threads: ( => current thread )

Other Threads:
  0x00007f0e5c0635e0 GCTaskThread "GC Thread#0" [stack: 0x00007f0e62042000,0x00007f0e62142000] [id=4156]
  0x00007f0e5c074bb0 ConcurrentGCThread "G1 Main Marker" [stack: 0x00007f0e61f40000,0x00007f0e62040000] [id=4157]
  0x00007f0e5c075b10 ConcurrentGCThread "G1 Conc#0" [stack: 0x00007f0e61e3e000,0x00007f0e61f3e000] [id=4158]

[error occurred during error reporting (printing all threads), id 0xb, SIGSEGV (0xb) at pc=0x00007f0e64958964]

VM state: not at safepoint (not fully initialized)

VM Mutex/Monitor currently owned by a thread:  ([mutex/lock_event])
[0x00007f0e5c00eea0] Heap_lock - owner thread: 0x00007f0e5c013610

Heap address: 0x0000000700000000, size: 4096 MB, Compressed Oops mode: Zero based, Oop shift amount: 3

CDS archive(s) mapped at: [0x0000000000000000-0x0000000000000000-0x0000000000000000), size 0, SharedBaseAddress: 0x0000000800000000, ArchiveRelocationMode: 0.
Narrow klass base: 0x0000000000000000, Narrow klass shift: 0, Narrow klass range: 0x0

GC Precious Log:
<Empty>

Heap:
 garbage-first heap   total 0K, used 0K [0x0000000700000000, 0x0000000800000000)
  region size 2048K, 0 young (0K), 0 survivors (0K)

[error occurred during error reporting (printing heap information), id 0xb, SIGSEGV (0xb) at pc=0x00007f0e64f0caee]

GC Heap History (0 events):
No events

Deoptimization events (0 events):
No events

Classes unloaded (0 events):
No events

Classes redefined (0 events):
No events

Internal exceptions (0 events):
No events

VM Operations (0 events):
No events

Events (3 events):
Event: 0.060 Protecting memory [0x00007f0e63df7000,0x00007f0e63dfb000] with protection modes 0
Event: 0.101 Loaded shared library /usr/lib/jvm/java-17-openjdk-amd64/lib/libjava.so
Event: 0.102 Loaded shared library /usr/lib/jvm/java-17-openjdk-amd64/lib/libzip.so


Dynamic libraries:
55cc4fc23000-55cc4fc24000 r--p 00000000 08:11 788060                     /usr/lib/jvm/java-17-openjdk-amd64/bin/java
55cc4fc24000-55cc4fc25000 r-xp 00001000 08:11 788060                     /usr/lib/jvm/java-17-openjdk-amd64/bin/java
55cc4fc25000-55cc4fc26000 r--p 00002000 08:11 788060                     /usr/lib/jvm/java-17-openjdk-amd64/bin/java
55cc4fc26000-55cc4fc27000 r--p 00002000 08:11 788060                     /usr/lib/jvm/java-17-openjdk-amd64/bin/java
55cc4fc27000-55cc4fc28000 rw-p 00003000 08:11 788060                     /usr/lib/jvm/java-17-openjdk-amd64/bin/java
55cc50248000-55cc50269000 rw-p 00000000 00:00 0                          [heap]
7f0e2e000000-7f0e30000000 rw-p 00000000 00:00 0 
7f0e30000000-7f0e30021000 rw-p 00000000 00:00 0 
7f0e30021000-7f0e34000000 ---p 00000000 00:00 0 
7f0e34000000-7f0e34021000 rw-p 00000000 00:00 0 
7f0e34021000-7f0e38000000 ---p 00000000 00:00 0 
7f0e38000000-7f0e38021000 rw-p 00000000 00:00 0 
7f0e38021000-7f0e3c000000 ---p 00000000 00:00 0 
7f0e3d163000-7f0e45163000 ---p 00000000 00:00 0 
7f0e45163000-7f0e453d3000 rwxp 00000000 00:00 0 
7f0e453d3000-7f0e456f2000 ---p 00000000 00:00 0 
7f0e456f2000-7f0e45962000 rwxp 00000000 00:00 0 
7f0e45962000-7f0e4cc2a000 ---p 00000000 00:00 0 
7f0e4cc2a000-7f0e4ce9a000 rwxp 00000000 00:00 0 
7f0e4ce9a000-7f0e54163000 ---p 00000000 00:00 0 
7f0e54163000-7f0e5c000000 r--s 00000000 08:11 788192                     /usr/lib/jvm/java-17-openjdk-amd64/lib/modules
7f0e5c000000-7f0e5c088000 rw-p 00000000 00:00 0 
7f0e5c088000-7f0e60000000 ---p 00000000 00:00 0 
7f0e61c3a000-7f0e61e3c000 rw-p 00000000 00:00 0 
7f0e61e3c000-7f0e61e3d000 ---p 00000000 00:00 0 
7f0e61e3d000-7f0e61f3e000 rw-p 00000000 00:00 0 
7f0e61f3e000-7f0e61f3f000 ---p 00000000 00:00 0 
7f0e61f3f000-7f0e62040000 rw-p 00000000 00:00 0 
7f0e62040000-7f0e62041000 ---p 00000000 00:00 0 
7f0e62041000-7f0e62187000 rw-p 00000000 00:00 0 
7f0e62187000-7f0e63987000 ---p 00000000 00:00 0 
7f0e63987000-7f0e63b8e000 rw-p 00000000 00:00 0 
7f0e63b8e000-7f0e63c74000 ---p 00000000 00:00 0 
7f0e63c74000-7f0e63c79000 rw-p 00000000 00:00 0 
7f0e63c79000-7f0e63d5f000 ---p 00000000 00:00 0 
7f0e63d5f000-7f0e63d64000 rw-p 00000000 00:00 0 
7f0e63d64000-7f0e63d6b000 ---p 00000000 00:00 0 
7f0e63d6b000-7f0e63d6d000 r--p 00000000 08:11 788191                     /usr/lib/jvm/java-17-openjdk-amd64/lib/libzip.so
7f0e63d6d000-7f0e63d72000 r-xp 00002000 08:11 788191                     /usr/lib/jvm/java-17-openjdk-amd64/lib/libzip.so
7f0e63d72000-7f0e63d74000 r--p 00007000 08:11 788191                     /usr/lib/jvm/java-17-openjdk-amd64/lib/libzip.so
7f0e63d74000-7f0e63d75000 r--p 00008000 08:11 788191                     /usr/lib/jvm/java-17-openjdk-amd64/lib/libzip.so
7f0e63d75000-7f0e63d76000 rw-p 00009000 08:11 788191                     /usr/lib/jvm/java-17-openjdk-amd64/lib/libzip.so
7f0e63d76000-7f0e63d82000 r--p 00000000 08:11 788170                     /usr/lib/jvm/java-17-openjdk-amd64/lib/libjava.so
7f0e63d82000-7f0e63d95000 r-xp 0000c000 08:11 788170                     /usr/lib/jvm/java-17-openjdk-amd64/lib/libjava.so
7f0e63d95000-7f0e63d9b000 r--p 0001f000 08:11 788170                     /usr/lib/jvm/java-17-openjdk-amd64/lib/libjava.so
7f0e63d9b000-7f0e63d9c000 ---p 00025000 08:11 788170                     /usr/lib/jvm/java-17-openjdk-amd64/lib/libjava.so
7f0e63d9c000-7f0e63d9d000 r--p 00025000 08:11 788170                     /usr/lib/jvm/java-17-openjdk-amd64/lib/libjava.so
7f0e63d9d000-7f0e63d9e000 rw-p 00026000 08:11 788170                     /usr/lib/jvm/java-17-openjdk-amd64/lib/libjava.so
7f0e63d9e000-7f0e63d9f000 rw-p 00000000 00:00 0 
7f0e63d9f000-7f0e63da2000 r--p 00000000 08:11 26842                      /lib/x86_64-linux-gnu/libnss_files-2.31.so
7f0e63da2000-7f0e63da9000 r-xp 00003000 08:11 26842                      /lib/x86_64-linux-gnu/libnss_files-2.31.so
7f0e63da9000-7f0e63dab000 r--p 0000a000 08:11 26842                      /lib/x86_64-linux-gnu/libnss_files-2.31.so
7f0e63dab000-7f0e63dac000 r--p 0000b000 08:11 26842                      /lib/x86_64-linux-gnu/libnss_files-2.31.so
7f0e63dac000-7f0e63dad000 rw-p 0000c000 08:11 26842                      /lib/x86_64-linux-gnu/libnss_files-2.31.so
7f0e63dad000-7f0e63db3000 rw-p 00000000 00:00 0 
7f0e63db3000-7f0e63db8000 r--p 00000000 08:11 26839                      /lib/x86_64-linux-gnu/libnsl-2.31.so
7f0e63db8000-7f0e63dc8000 r-xp 00005000 08:11 26839                      /lib/x86_64-linux-gnu/libnsl-2.31.so
7f0e63dc8000-7f0e63dcc000 r--p 00015000 08:11 26839                      /lib/x86_64-linux-gnu/libnsl-2.31.so
7f0e63dcc000-7f0e63dcd000 r--p 00018000 08:11 26839                      /lib/x86_64-linux-gnu/libnsl-2.31.so
7f0e63dcd000-7f0e63dce000 rw-p 00019000 08:11 26839                      /lib/x86_64-linux-gnu/libnsl-2.31.so
7f0e63dce000-7f0e63dd0000 rw-p 00000000 00:00 0 
7f0e63dd0000-7f0e63dd3000 r--p 00000000 08:11 26844                      /lib/x86_64-linux-gnu/libnss_nis-2.31.so
7f0e63dd3000-7f0e63ddb000 r-xp 00003000 08:11 26844                      /lib/x86_64-linux-gnu/libnss_nis-2.31.so
7f0e63ddb000-7f0e63ddd000 r--p 0000b000 08:11 26844                      /lib/x86_64-linux-gnu/libnss_nis-2.31.so
7f0e63ddd000-7f0e63dde000 r--p 0000c000 08:11 26844                      /lib/x86_64-linux-gnu/libnss_nis-2.31.so
7f0e63dde000-7f0e63ddf000 rw-p 0000d000 08:11 26844                      /lib/x86_64-linux-gnu/libnss_nis-2.31.so
7f0e63ddf000-7f0e63de1000 r--p 00000000 08:11 26840                      /lib/x86_64-linux-gnu/libnss_compat-2.31.so
7f0e63de1000-7f0e63de8000 r-xp 00002000 08:11 26840                      /lib/x86_64-linux-gnu/libnss_compat-2.31.so
7f0e63de8000-7f0e63de9000 r--p 00009000 08:11 26840                      /lib/x86_64-linux-gnu/libnss_compat-2.31.so
7f0e63de9000-7f0e63dea000 r--p 00009000 08:11 26840                      /lib/x86_64-linux-gnu/libnss_compat-2.31.so
7f0e63dea000-7f0e63deb000 rw-p 0000a000 08:11 26840                      /lib/x86_64-linux-gnu/libnss_compat-2.31.so
7f0e63deb000-7f0e63ded000 r--s 0000c000 08:11 9737                       /usr/share/java/java-atk-wrapper.jar
7f0e63ded000-7f0e63df5000 rw-s 00000000 08:11 1304181                    /tmp/hsperfdata_root/4154
7f0e63df5000-7f0e63df6000 ---p 00000000 00:00 0 
7f0e63df6000-7f0e63df7000 r--p 00000000 00:00 0 
7f0e63df7000-7f0e63dfb000 ---p 00000000 00:00 0 
7f0e63dfb000-7f0e63ef8000 rw-p 00000000 00:00 0 
7f0e63ef8000-7f0e63efb000 r--p 00000000 08:11 86618                      /lib/x86_64-linux-gnu/libgcc_s.so.1
7f0e63efb000-7f0e63f0d000 r-xp 00003000 08:11 86618                      /lib/x86_64-linux-gnu/libgcc_s.so.1
7f0e63f0d000-7f0e63f11000 r--p 00015000 08:11 86618                      /lib/x86_64-linux-gnu/libgcc_s.so.1
7f0e63f11000-7f0e63f12000 r--p 00018000 08:11 86618                      /lib/x86_64-linux-gnu/libgcc_s.so.1
7f0e63f12000-7f0e63f13000 rw-p 00019000 08:11 86618                      /lib/x86_64-linux-gnu/libgcc_s.so.1
7f0e63f13000-7f0e63f22000 r--p 00000000 08:11 20188                      /lib/x86_64-linux-gnu/libm-2.31.so
7f0e63f22000-7f0e63fc9000 r-xp 0000f000 08:11 20188                      /lib/x86_64-linux-gnu/libm-2.31.so
7f0e63fc9000-7f0e64060000 r--p 000b6000 08:11 20188                      /lib/x86_64-linux-gnu/libm-2.31.so
7f0e64060000-7f0e64061000 r--p 0014c000 08:11 20188                      /lib/x86_64-linux-gnu/libm-2.31.so
7f0e64061000-7f0e64062000 rw-p 0014d000 08:11 20188                      /lib/x86_64-linux-gnu/libm-2.31.so
7f0e64062000-7f0e640f8000 r--p 00000000 08:11 9420                       /usr/lib/x86_64-linux-gnu/libstdc++.so.6.0.28
7f0e640f8000-7f0e641e9000 r-xp 00096000 08:11 9420                       /usr/lib/x86_64-linux-gnu/libstdc++.so.6.0.28
7f0e641e9000-7f0e64232000 r--p 00187000 08:11 9420                       /usr/lib/x86_64-linux-gnu/libstdc++.so.6.0.28
7f0e64232000-7f0e64233000 ---p 001d0000 08:11 9420                       /usr/lib/x86_64-linux-gnu/libstdc++.so.6.0.28
7f0e64233000-7f0e6423e000 r--p 001d0000 08:11 9420                       /usr/lib/x86_64-linux-gnu/libstdc++.so.6.0.28
7f0e6423e000-7f0e64241000 rw-p 001db000 08:11 9420                       /usr/lib/x86_64-linux-gnu/libstdc++.so.6.0.28
7f0e64241000-7f0e64244000 rw-p 00000000 00:00 0 
7f0e64244000-7f0e64493000 r--p 00000000 08:11 1040929                    /usr/lib/jvm/java-17-openjdk-amd64/lib/server/libjvm.so
7f0e64493000-7f0e65219000 r-xp 0024f000 08:11 1040929                    /usr/lib/jvm/java-17-openjdk-amd64/lib/server/libjvm.so
7f0e65219000-7f0e6549e000 r--p 00fd5000 08:11 1040929                    /usr/lib/jvm/java-17-openjdk-amd64/lib/server/libjvm.so
7f0e6549e000-7f0e65556000 r--p 01259000 08:11 1040929                    /usr/lib/jvm/java-17-openjdk-amd64/lib/server/libjvm.so
7f0e65556000-7f0e6558a000 rw-p 01311000 08:11 1040929                    /usr/lib/jvm/java-17-openjdk-amd64/lib/server/libjvm.so
7f0e6558a000-7f0e655e6000 rw-p 00000000 00:00 0 
7f0e655e6000-7f0e655ed000 r--p 00000000 08:11 26847                      /lib/x86_64-linux-gnu/libpthread-2.31.so
7f0e655ed000-7f0e655fe000 r-xp 00007000 08:11 26847                      /lib/x86_64-linux-gnu/libpthread-2.31.so
7f0e655fe000-7f0e65603000 r--p 00018000 08:11 26847                      /lib/x86_64-linux-gnu/libpthread-2.31.so
7f0e65603000-7f0e65604000 r--p 0001c000 08:11 26847                      /lib/x86_64-linux-gnu/libpthread-2.31.so
7f0e65604000-7f0e65605000 rw-p 0001d000 08:11 26847                      /lib/x86_64-linux-gnu/libpthread-2.31.so
7f0e65605000-7f0e65609000 rw-p 00000000 00:00 0 
7f0e65609000-7f0e6560a000 r--p 00000000 08:11 18634                      /lib/x86_64-linux-gnu/libdl-2.31.so
7f0e6560a000-7f0e6560c000 r-xp 00001000 08:11 18634                      /lib/x86_64-linux-gnu/libdl-2.31.so
7f0e6560c000-7f0e6560d000 r--p 00003000 08:11 18634                      /lib/x86_64-linux-gnu/libdl-2.31.so
7f0e6560d000-7f0e6560e000 r--p 00003000 08:11 18634                      /lib/x86_64-linux-gnu/libdl-2.31.so
7f0e6560e000-7f0e6560f000 rw-p 00004000 08:11 18634                      /lib/x86_64-linux-gnu/libdl-2.31.so
7f0e6560f000-7f0e65611000 r--p 00000000 08:11 38                         /lib/x86_64-linux-gnu/libz.so.1.2.11
7f0e65611000-7f0e65622000 r-xp 00002000 08:11 38                         /lib/x86_64-linux-gnu/libz.so.1.2.11
7f0e65622000-7f0e65628000 r--p 00013000 08:11 38                         /lib/x86_64-linux-gnu/libz.so.1.2.11
7f0e65628000-7f0e65629000 ---p 00019000 08:11 38                         /lib/x86_64-linux-gnu/libz.so.1.2.11
7f0e65629000-7f0e6562a000 r--p 00019000 08:11 38                         /lib/x86_64-linux-gnu/libz.so.1.2.11
7f0e6562a000-7f0e6562b000 rw-p 0001a000 08:11 38                         /lib/x86_64-linux-gnu/libz.so.1.2.11
7f0e6562b000-7f0e65650000 r--p 00000000 08:11 17915                      /lib/x86_64-linux-gnu/libc-2.31.so
7f0e65650000-7f0e657c8000 r-xp 00025000 08:11 17915                      /lib/x86_64-linux-gnu/libc-2.31.so
7f0e657c8000-7f0e65812000 r--p 0019d000 08:11 17915                      /lib/x86_64-linux-gnu/libc-2.31.so
7f0e65812000-7f0e65813000 ---p 001e7000 08:11 17915                      /lib/x86_64-linux-gnu/libc-2.31.so
7f0e65813000-7f0e65816000 r--p 001e7000 08:11 17915                      /lib/x86_64-linux-gnu/libc-2.31.so
7f0e65816000-7f0e65819000 rw-p 001ea000 08:11 17915                      /lib/x86_64-linux-gnu/libc-2.31.so
7f0e65819000-7f0e6581d000 rw-p 00000000 00:00 0 
7f0e6581e000-7f0e65820000 r--p 00000000 08:11 788173                     /usr/lib/jvm/java-17-openjdk-amd64/lib/libjimage.so
7f0e65820000-7f0e65823000 r-xp 00002000 08:11 788173                     /usr/lib/jvm/java-17-openjdk-amd64/lib/libjimage.so
7f0e65823000-7f0e65824000 r--p 00005000 08:11 788173                     /usr/lib/jvm/java-17-openjdk-amd64/lib/libjimage.so
7f0e65824000-7f0e65825000 ---p 00006000 08:11 788173                     /usr/lib/jvm/java-17-openjdk-amd64/lib/libjimage.so
7f0e65825000-7f0e65826000 r--p 00006000 08:11 788173                     /usr/lib/jvm/java-17-openjdk-amd64/lib/libjimage.so
7f0e65826000-7f0e65827000 rw-p 00007000 08:11 788173                     /usr/lib/jvm/java-17-openjdk-amd64/lib/libjimage.so
7f0e65827000-7f0e65829000 r--p 00000000 08:11 788174                     /usr/lib/jvm/java-17-openjdk-amd64/lib/libjli.so
7f0e65829000-7f0e65833000 r-xp 00002000 08:11 788174                     /usr/lib/jvm/java-17-openjdk-amd64/lib/libjli.so
7f0e65833000-7f0e65836000 r--p 0000c000 08:11 788174                     /usr/lib/jvm/java-17-openjdk-amd64/lib/libjli.so
7f0e65836000-7f0e65837000 ---p 0000f000 08:11 788174                     /usr/lib/jvm/java-17-openjdk-amd64/lib/libjli.so
7f0e65837000-7f0e65838000 r--p 0000f000 08:11 788174                     /usr/lib/jvm/java-17-openjdk-amd64/lib/libjli.so
7f0e65838000-7f0e65839000 rw-p 00010000 08:11 788174                     /usr/lib/jvm/java-17-openjdk-amd64/lib/libjli.so
7f0e65839000-7f0e6583b000 rw-p 00000000 00:00 0 
7f0e6583b000-7f0e6583c000 r--p 00000000 08:11 17673                      /lib/x86_64-linux-gnu/ld-2.31.so
7f0e6583c000-7f0e6585f000 r-xp 00001000 08:11 17673                      /lib/x86_64-linux-gnu/ld-2.31.so
7f0e6585f000-7f0e65867000 r--p 00024000 08:11 17673                      /lib/x86_64-linux-gnu/ld-2.31.so
7f0e65867000-7f0e65868000 ---p 00000000 00:00 0 
7f0e65868000-7f0e65869000 r--p 0002c000 08:11 17673                      /lib/x86_64-linux-gnu/ld-2.31.so
7f0e65869000-7f0e6586a000 rw-p 0002d000 08:11 17673                      /lib/x86_64-linux-gnu/ld-2.31.so
7f0e6586a000-7f0e6586b000 rw-p 00000000 00:00 0 
7ffcc8856000-7ffcc8877000 rw-p 00000000 00:00 0                          [stack]
7ffcc88d2000-7ffcc88d6000 r--p 00000000 00:00 0                          [vvar]
7ffcc88d6000-7ffcc88d8000 r-xp 00000000 00:00 0                          [vdso]
ffffffffff600000-ffffffffff601000 r-xp 00000000 00:00 0                  [vsyscall]


VM Arguments:
jvm_args: -Xms4G -Xmx4G 
java_command: server.jar nogui
java_class_path (initial): server.jar
Launcher Type: SUN_STANDARD

[Global flags]
     intx CICompilerCount                          = 2                                         {product} {ergonomic}
     uint ConcGCThreads                            = 1                                         {product} {ergonomic}
     uint G1ConcRefinementThreads                  = 2                                         {product} {ergonomic}
   size_t G1HeapRegionSize                         = 2097152                                   {product} {ergonomic}
    uintx GCDrainStackTargetSize                   = 64                                        {product} {ergonomic}
   size_t InitialHeapSize                          = 4294967296                                {product} {command line}
   size_t MarkStackSize                            = 4194304                                   {product} {ergonomic}
   size_t MaxHeapSize                              = 4294967296                                {product} {command line}
   size_t MinHeapDeltaBytes                        = 2097152                                   {product} {ergonomic}
   size_t MinHeapSize                              = 4294967296                                {product} {command line}
    uintx NonNMethodCodeHeapSize                   = 5826188                                {pd product} {ergonomic}
    uintx NonProfiledCodeHeapSize                  = 122916026                              {pd product} {ergonomic}
    uintx ProfiledCodeHeapSize                     = 122916026                              {pd product} {ergonomic}
    uintx ReservedCodeCacheSize                    = 251658240                              {pd product} {ergonomic}
     bool SegmentedCodeCache                       = true                                      {product} {ergonomic}
   size_t SoftMaxHeapSize                          = 4294967296                             {manageable} {ergonomic}
     bool UseCompressedClassPointers               = true                           {product lp64_product} {ergonomic}
     bool UseCompressedOops                        = true                           {product lp64_product} {ergonomic}
     bool UseG1GC                                  = true                                      {product} {ergonomic}

Logging:
Log output configuration:
 #0: stdout all=warning uptime,level,tags
 #1: stderr all=off uptime,level,tags

Environment Variables:
PATH=/usr/local/sbin:/usr/local/bin:/usr/sbin:/usr/bin:/sbin:/bin:/snap/bin
SHELL=/bin/bash
LANG=C.UTF-8

Signal Handlers:
   SIGSEGV: 0x00007f0e65197070 in libjvm.so+16068720, mask=11100100010111111101111111111110, flags=SA_RESTART|SA_SIGINFO
    SIGBUS: 0x00007f0e65197070 in libjvm.so+16068720, mask=11100100010111111101111111111110, flags=SA_RESTART|SA_SIGINFO
    SIGFPE: 0x00007f0e65197070 in libjvm.so+16068720, mask=11100100010111111101111111111110, flags=SA_RESTART|SA_SIGINFO
   SIGPIPE: 0x00007f0e65039d90 in libjvm.so+14638480, mask=11100100010111111101111111111110, flags=SA_RESTART|SA_SIGINFO
   SIGXFSZ: 0x00007f0e65039d90 in libjvm.so+14638480, mask=11100100010111111101111111111110, flags=SA_RESTART|SA_SIGINFO
    SIGILL: 0x00007f0e65197070 in libjvm.so+16068720, mask=11100100010111111101111111111110, flags=SA_RESTART|SA_SIGINFO
   SIGUSR2: 0x00007f0e65039420 in libjvm.so+14636064, mask=00000000000000000000000000000000, flags=SA_RESTART|SA_SIGINFO
    SIGHUP: SIG_DFL, mask=00000000000000000000000000000000, flags=none
    SIGINT: SIG_DFL, mask=00000000000000000000000000000000, flags=none
   SIGTERM: SIG_DFL, mask=00000000000000000000000000000000, flags=none
   SIGQUIT: SIG_DFL, mask=00000000000000000000000000000000, flags=none
   SIGTRAP: 0x00007f0e65197070 in libjvm.so+16068720, mask=11100100010111111101111111111110, flags=SA_RESTART|SA_SIGINFO


---------------  S Y S T E M  ---------------

OS:
DISTRIB_ID=Ubuntu
DISTRIB_RELEASE=20.04
DISTRIB_CODENAME=focal
DISTRIB_DESCRIPTION="Ubuntu 20.04.3 LTS"
uname: Linux 5.11.0-1022-azure #23~20.04.1-Ubuntu SMP Fri Nov 19 10:20:52 UTC 2021 x86_64
OS uptime: 0 days 6:14 hours
libc: glibc 2.31 NPTL 2.31 
rlimit (soft/hard): STACK 8192k/infinity , CORE 0k/infinity , NPROC 15599/15599 , NOFILE 1048576/1048576 , AS infinity/infinity , CPU infinity/infinity , DATA infinity/infinity , FSIZE infinity/infinity , MEMLOCK 65536k/65536k
load average: 0.43 1.05 0.96

/proc/meminfo:
MemTotal:        4028336 kB
MemFree:         3464736 kB
MemAvailable:    3375244 kB
Buffers:            5060 kB
Cached:            62884 kB
SwapCached:            0 kB
Active:            11624 kB
Inactive:         420504 kB
Active(anon):       1528 kB
Inactive(anon):   371936 kB
Active(file):      10096 kB
Inactive(file):    48568 kB
Unevictable:       18588 kB
Mlocked:           18588 kB
SwapTotal:             0 kB
SwapFree:              0 kB
Dirty:               228 kB
Writeback:             0 kB
AnonPages:        382772 kB
Mapped:            44264 kB
Shmem:              1084 kB
KReclaimable:      19816 kB
Slab:              56540 kB
SReclaimable:      19816 kB
SUnreclaim:        36724 kB
KernelStack:        2992 kB
PageTables:         3416 kB
NFS_Unstable:          0 kB
Bounce:                0 kB
WritebackTmp:          0 kB
CommitLimit:     2014168 kB
Committed_AS:    1792484 kB
VmallocTotal:   34359738367 kB
VmallocUsed:       32524 kB
VmallocChunk:          0 kB
Percpu:             1488 kB
HardwareCorrupted:     0 kB
AnonHugePages:    264192 kB
ShmemHugePages:        0 kB
ShmemPmdMapped:        0 kB
FileHugePages:         0 kB
FilePmdMapped:         0 kB
HugePages_Total:       0
HugePages_Free:        0
HugePages_Rsvd:        0
HugePages_Surp:        0
Hugepagesize:       2048 kB
Hugetlb:               0 kB
DirectMap4k:      102336 kB
DirectMap2M:     3043328 kB
DirectMap1G:     3145728 kB

/sys/kernel/mm/transparent_hugepage/enabled: [always] madvise never
/sys/kernel/mm/transparent_hugepage/defrag (defrag/compaction efforts parameter): always defer defer+madvise [madvise] never

Process Memory:
Virtual Size: 863336K (peak: 5057640K)
Resident Set Size: 14800K (peak: 14800K) (anon: 1920K, file: 12880K, shmem: 0K)
Swapped out: 0K
C-Heap outstanding allocations: 649K

/proc/sys/kernel/threads-max (system-wide limit on the number of threads): 31199
/proc/sys/vm/max_map_count (maximum number of memory map areas a process may have): 65530
/proc/sys/kernel/pid_max (system-wide limit on number of process identifiers): 4194304

container (cgroup) information:
container_type: cgroupv1
cpu_cpuset_cpus: 0-1
cpu_memory_nodes: 0
active_processor_count: 2
cpu_quota: no quota
cpu_period: 100000
cpu_shares: no shares
memory_limit_in_bytes: unlimited
memory_and_swap_limit_in_bytes: unlimited
memory_soft_limit_in_bytes: unlimited
memory_usage_in_bytes: 288935936
memory_max_usage_in_bytes: 3781963776

Hyper-V virtualization detected
Steal ticks since vm start: 0
Steal ticks percentage since vm start:  0.000

CPU: total 2 (initial active 2) (2 cores per cpu, 1 threads per core) family 6 model 79 stepping 1 microcode 0xffffffff, cx8, cmov, fxsr, mmx, 3dnowpref, sse, sse2, sse3, ssse3, sse4.1, sse4.2, popcnt, lzcnt, tsc, avx, avx2, aes, erms, clmul, bmi1, bmi2, rtm, adx, fma, vzeroupper, clflush, hv
CPU Model and flags from /proc/cpuinfo:
model name	: Intel(R) Xeon(R) CPU E5-2673 v4 @ 2.30GHz
flags		: fpu vme de pse tsc msr pae mce cx8 apic sep mtrr pge mca cmov pat pse36 clflush mmx fxsr sse sse2 ss ht syscall nx pdpe1gb rdtscp lm constant_tsc rep_good nopl xtopology cpuid pni pclmulqdq ssse3 fma cx16 pcid sse4_1 sse4_2 movbe popcnt aes xsave avx f16c rdrand hypervisor lahf_lm abm 3dnowprefetch invpcid_single pti fsgsbase bmi1 hle avx2 smep bmi2 erms invpcid rtm rdseed adx smap xsaveopt md_clear

Online cpus: 0-1
Offline cpus: 
BIOS frequency limitation: <Not Available>
Frequency switch latency (ns): <Not Available>
Available cpu frequencies: <Not Available>
Current governor: <Not Available>
Core performance/turbo boost: <Not Available>

Memory: 4k page, physical 4028336k(3464736k free), swap 0k(0k free)
Page Sizes: 4k

vm_info: OpenJDK 64-Bit Server VM (17.0.1+12-Ubuntu-120.04) for linux-amd64 JRE (17.0.1+12-Ubuntu-120.04), built on Oct 29 2021 11:12:19 by "unknown" with gcc 9.3.0

END.
