#
# There is insufficient memory for the Java Runtime Environment to continue.
# Native memory allocation (mmap) failed to map 4294967296 bytes for committing reserved memory.
# Possible reasons:
#   The system is out of physical RAM or swap space
#   The process is running with CompressedOops enabled, and the Java Heap may be blocking the growth of the native heap
# Possible solutions:
#   Reduce memory load on the system
#   Increase physical memory or swap space
#   Check if swap backing store is full
#   Decrease Java heap size (-Xmx/-Xms)
#   Decrease number of Java threads
#   Decrease Java thread stack sizes (-Xss)
#   Set larger code cache with -XX:ReservedCodeCacheSize=
#   JVM is running with Zero Based Compressed Oops mode in which the Java heap is
#     placed in the first 32GB address space. The Java Heap base address is the
#     maximum limit for the native heap growth. Please use -XX:HeapBaseMinAddress
#     to set the Java Heap base and to place the Java Heap above 32GB virtual address.
# This output file may be truncated or incomplete.
#
#  Out of Memory Error (os_linux.cpp:2731), pid=7107, tid=7108
#
# JRE version:  (17.0.1+12) (build )
# Java VM: OpenJDK 64-Bit Server VM (17.0.1+12-Ubuntu-120.04, mixed mode, sharing, tiered, compressed oops, compressed class ptrs, g1 gc, linux-amd64)
# Core dump will be written. Default location: Core dumps may be processed with "/usr/share/apport/apport %p %s %c %d %P %E" (or dumping to /home/azureuser/git/KrakenDuskMCServer/core.7107)
#

---------------  S U M M A R Y ------------

Command Line: -Xms4G -Xmx4G -XX:+UseG1GC -XX:+ParallelRefProcEnabled -XX:MaxGCPauseMillis=200 -XX:+UnlockExperimentalVMOptions -XX:+DisableExplicitGC -XX:+AlwaysPreTouch -XX:G1HeapWastePercent=5 -XX:G1MixedGCCountTarget=4 -XX:G1MixedGCLiveThresholdPercent=90 -XX:G1RSetUpdatingPauseTimePercent=5 -XX:SurvivorRatio=32 -XX:+PerfDisableSharedMem -XX:MaxTenuringThreshold=1 -XX:G1NewSizePercent=30 -XX:G1MaxNewSizePercent=40 -XX:G1HeapRegionSize=8M -XX:G1ReservePercent=20 -XX:InitiatingHeapOccupancyPercent=15 -Dusing.aikars.flags=https://mcflags.emc.gs/ -Daikars.new.flags=true server.jar nogui

Host: Intel(R) Xeon(R) Platinum 8171M CPU @ 2.60GHz, 2 cores, 3G, Ubuntu 20.04.3 LTS
Time: Wed Jan 12 07:35:20 2022 UTC elapsed time: 0.011977 seconds (0d 0h 0m 0s)

---------------  T H R E A D  ---------------

Current thread (0x00007f9ba4011950):  JavaThread "Unknown thread" [_thread_in_vm, id=7108, stack(0x00007f9ba8670000,0x00007f9ba8771000)]

Stack: [0x00007f9ba8670000,0x00007f9ba8771000],  sp=0x00007f9ba876f480,  free space=1021k
Native frames: (J=compiled Java code, j=interpreted, Vv=VM code, C=native code)
V  [libjvm.so+0xf523a5]
V  [libjvm.so+0xf53051]
V  [libjvm.so+0x614b27]
V  [libjvm.so+0xc22f20]
V  [libjvm.so+0xc1c1d1]
V  [libjvm.so+0x74459e]
V  [libjvm.so+0x758c11]
V  [libjvm.so+0x7ebd1c]
V  [libjvm.so+0x7ed129]
V  [libjvm.so+0x7ed342]
V  [libjvm.so+0x6fc916]
V  [libjvm.so+0x6fd0c7]
V  [libjvm.so+0xeff616]
V  [libjvm.so+0x80c6db]
V  [libjvm.so+0xed597f]
V  [libjvm.so+0x8d39a5]  JNI_CreateJavaVM+0x55
C  [libjli.so+0x3e01]
C  [libjli.so+0x84ed]


---------------  P R O C E S S  ---------------

Threads class SMR info:
_java_thread_list=0x00007f9ba9e532a0, length=0, elements={
}

Java Threads: ( => current thread )

Other Threads:
  0x00007f9ba40562e0 GCTaskThread "GC Thread#0" [stack: 0x00007f9ba813a000,0x00007f9ba823a000] [id=7109]
  0x00007f9ba405b8b0 ConcurrentGCThread "G1 Main Marker" [stack: 0x00007f9ba8038000,0x00007f9ba8138000] [id=7110]
  0x00007f9ba405c810 ConcurrentGCThread "G1 Conc#0" [stack: 0x00007f9b83863000,0x00007f9b83963000] [id=7111]

[error occurred during error reporting (printing all threads), id 0xb, SIGSEGV (0xb) at pc=0x00007f9ba91d1964]

VM state: not at safepoint (not fully initialized)

VM Mutex/Monitor currently owned by a thread:  ([mutex/lock_event])
[0x00007f9ba400f430] Heap_lock - owner thread: 0x00007f9ba4011950

Heap address: 0x0000000700000000, size: 4096 MB, Compressed Oops mode: Zero based, Oop shift amount: 3

CDS archive(s) mapped at: [0x0000000000000000-0x0000000000000000-0x0000000000000000), size 0, SharedBaseAddress: 0x0000000800000000, ArchiveRelocationMode: 0.
Narrow klass base: 0x0000000000000000, Narrow klass shift: 0, Narrow klass range: 0x0

GC Precious Log:
<Empty>

Heap:
 garbage-first heap   total 0K, used 0K [0x0000000700000000, 0x0000000800000000)
  region size 8192K, 0 young (0K), 0 survivors (0K)

[error occurred during error reporting (printing heap information), id 0xb, SIGSEGV (0xb) at pc=0x00007f9ba9785aee]

GC Heap History (0 events):
No events

Deoptimization events (0 events):
No events

Classes unloaded (0 events):
No events

Classes redefined (0 events):
No events

Internal exceptions (0 events):
No events

VM Operations (0 events):
No events

Events (3 events):
Event: 0.001 Protecting memory [0x00007f9ba8670000,0x00007f9ba8674000] with protection modes 0
Event: 0.002 Loaded shared library /usr/lib/jvm/java-17-openjdk-amd64/lib/libjava.so
Event: 0.002 Loaded shared library /usr/lib/jvm/java-17-openjdk-amd64/lib/libzip.so


Dynamic libraries:
559bfa44c000-559bfa44d000 r--p 00000000 08:11 788060                     /usr/lib/jvm/java-17-openjdk-amd64/bin/java
559bfa44d000-559bfa44e000 r-xp 00001000 08:11 788060                     /usr/lib/jvm/java-17-openjdk-amd64/bin/java
559bfa44e000-559bfa44f000 r--p 00002000 08:11 788060                     /usr/lib/jvm/java-17-openjdk-amd64/bin/java
559bfa44f000-559bfa450000 r--p 00002000 08:11 788060                     /usr/lib/jvm/java-17-openjdk-amd64/bin/java
559bfa450000-559bfa451000 rw-p 00003000 08:11 788060                     /usr/lib/jvm/java-17-openjdk-amd64/bin/java
559bfadfd000-559bfae1e000 rw-p 00000000 00:00 0                          [heap]
7f9b74000000-7f9b74021000 rw-p 00000000 00:00 0 
7f9b74021000-7f9b78000000 ---p 00000000 00:00 0 
7f9b78000000-7f9b78021000 rw-p 00000000 00:00 0 
7f9b78021000-7f9b7c000000 ---p 00000000 00:00 0 
7f9b7c000000-7f9b7c021000 rw-p 00000000 00:00 0 
7f9b7c021000-7f9b80000000 ---p 00000000 00:00 0 
7f9b8165f000-7f9b83861000 rw-p 00000000 00:00 0 
7f9b83861000-7f9b83862000 ---p 00000000 00:00 0 
7f9b83862000-7f9b83963000 rw-p 00000000 00:00 0 
7f9b83963000-7f9b8d163000 ---p 00000000 00:00 0 
7f9b8d163000-7f9b8d3d3000 rwxp 00000000 00:00 0 
7f9b8d3d3000-7f9b8d6f2000 ---p 00000000 00:00 0 
7f9b8d6f2000-7f9b8d962000 rwxp 00000000 00:00 0 
7f9b8d962000-7f9b94c2a000 ---p 00000000 00:00 0 
7f9b94c2a000-7f9b94e9a000 rwxp 00000000 00:00 0 
7f9b94e9a000-7f9b9c163000 ---p 00000000 00:00 0 
7f9b9c163000-7f9ba4000000 r--s 00000000 08:11 788192                     /usr/lib/jvm/java-17-openjdk-amd64/lib/modules
7f9ba4000000-7f9ba406f000 rw-p 00000000 00:00 0 
7f9ba406f000-7f9ba8000000 ---p 00000000 00:00 0 
7f9ba8036000-7f9ba8037000 ---p 00000000 00:00 0 
7f9ba8037000-7f9ba8138000 rw-p 00000000 00:00 0 
7f9ba8138000-7f9ba8139000 ---p 00000000 00:00 0 
7f9ba8139000-7f9ba8453000 rw-p 00000000 00:00 0 
7f9ba8453000-7f9ba8539000 ---p 00000000 00:00 0 
7f9ba8539000-7f9ba853e000 rw-p 00000000 00:00 0 
7f9ba853e000-7f9ba8624000 ---p 00000000 00:00 0 
7f9ba8624000-7f9ba8629000 rw-p 00000000 00:00 0 
7f9ba8629000-7f9ba8630000 ---p 00000000 00:00 0 
7f9ba8630000-7f9ba8632000 r--s 0000c000 08:11 9737                       /usr/share/java/java-atk-wrapper.jar
7f9ba8632000-7f9ba8634000 r--p 00000000 08:11 788191                     /usr/lib/jvm/java-17-openjdk-amd64/lib/libzip.so
7f9ba8634000-7f9ba8639000 r-xp 00002000 08:11 788191                     /usr/lib/jvm/java-17-openjdk-amd64/lib/libzip.so
7f9ba8639000-7f9ba863b000 r--p 00007000 08:11 788191                     /usr/lib/jvm/java-17-openjdk-amd64/lib/libzip.so
7f9ba863b000-7f9ba863c000 r--p 00008000 08:11 788191                     /usr/lib/jvm/java-17-openjdk-amd64/lib/libzip.so
7f9ba863c000-7f9ba863d000 rw-p 00009000 08:11 788191                     /usr/lib/jvm/java-17-openjdk-amd64/lib/libzip.so
7f9ba863d000-7f9ba8649000 r--p 00000000 08:11 788170                     /usr/lib/jvm/java-17-openjdk-amd64/lib/libjava.so
7f9ba8649000-7f9ba865c000 r-xp 0000c000 08:11 788170                     /usr/lib/jvm/java-17-openjdk-amd64/lib/libjava.so
7f9ba865c000-7f9ba8662000 r--p 0001f000 08:11 788170                     /usr/lib/jvm/java-17-openjdk-amd64/lib/libjava.so
7f9ba8662000-7f9ba8663000 ---p 00025000 08:11 788170                     /usr/lib/jvm/java-17-openjdk-amd64/lib/libjava.so
7f9ba8663000-7f9ba8664000 r--p 00025000 08:11 788170                     /usr/lib/jvm/java-17-openjdk-amd64/lib/libjava.so
7f9ba8664000-7f9ba8665000 rw-p 00026000 08:11 788170                     /usr/lib/jvm/java-17-openjdk-amd64/lib/libjava.so
7f9ba8665000-7f9ba866e000 rw-p 00000000 00:00 0 
7f9ba866e000-7f9ba866f000 ---p 00000000 00:00 0 
7f9ba866f000-7f9ba8670000 r--p 00000000 00:00 0 
7f9ba8670000-7f9ba8674000 ---p 00000000 00:00 0 
7f9ba8674000-7f9ba8771000 rw-p 00000000 00:00 0 
7f9ba8771000-7f9ba8774000 r--p 00000000 08:11 86618                      /lib/x86_64-linux-gnu/libgcc_s.so.1
7f9ba8774000-7f9ba8786000 r-xp 00003000 08:11 86618                      /lib/x86_64-linux-gnu/libgcc_s.so.1
7f9ba8786000-7f9ba878a000 r--p 00015000 08:11 86618                      /lib/x86_64-linux-gnu/libgcc_s.so.1
7f9ba878a000-7f9ba878b000 r--p 00018000 08:11 86618                      /lib/x86_64-linux-gnu/libgcc_s.so.1
7f9ba878b000-7f9ba878c000 rw-p 00019000 08:11 86618                      /lib/x86_64-linux-gnu/libgcc_s.so.1
7f9ba878c000-7f9ba879b000 r--p 00000000 08:11 20188                      /lib/x86_64-linux-gnu/libm-2.31.so
7f9ba879b000-7f9ba8842000 r-xp 0000f000 08:11 20188                      /lib/x86_64-linux-gnu/libm-2.31.so
7f9ba8842000-7f9ba88d9000 r--p 000b6000 08:11 20188                      /lib/x86_64-linux-gnu/libm-2.31.so
7f9ba88d9000-7f9ba88da000 r--p 0014c000 08:11 20188                      /lib/x86_64-linux-gnu/libm-2.31.so
7f9ba88da000-7f9ba88db000 rw-p 0014d000 08:11 20188                      /lib/x86_64-linux-gnu/libm-2.31.so
7f9ba88db000-7f9ba8971000 r--p 00000000 08:11 9420                       /usr/lib/x86_64-linux-gnu/libstdc++.so.6.0.28
7f9ba8971000-7f9ba8a62000 r-xp 00096000 08:11 9420                       /usr/lib/x86_64-linux-gnu/libstdc++.so.6.0.28
7f9ba8a62000-7f9ba8aab000 r--p 00187000 08:11 9420                       /usr/lib/x86_64-linux-gnu/libstdc++.so.6.0.28
7f9ba8aab000-7f9ba8aac000 ---p 001d0000 08:11 9420                       /usr/lib/x86_64-linux-gnu/libstdc++.so.6.0.28
7f9ba8aac000-7f9ba8ab7000 r--p 001d0000 08:11 9420                       /usr/lib/x86_64-linux-gnu/libstdc++.so.6.0.28
7f9ba8ab7000-7f9ba8aba000 rw-p 001db000 08:11 9420                       /usr/lib/x86_64-linux-gnu/libstdc++.so.6.0.28
7f9ba8aba000-7f9ba8abd000 rw-p 00000000 00:00 0 
7f9ba8abd000-7f9ba8d0c000 r--p 00000000 08:11 1040929                    /usr/lib/jvm/java-17-openjdk-amd64/lib/server/libjvm.so
7f9ba8d0c000-7f9ba9a92000 r-xp 0024f000 08:11 1040929                    /usr/lib/jvm/java-17-openjdk-amd64/lib/server/libjvm.so
7f9ba9a92000-7f9ba9d17000 r--p 00fd5000 08:11 1040929                    /usr/lib/jvm/java-17-openjdk-amd64/lib/server/libjvm.so
7f9ba9d17000-7f9ba9dcf000 r--p 01259000 08:11 1040929                    /usr/lib/jvm/java-17-openjdk-amd64/lib/server/libjvm.so
7f9ba9dcf000-7f9ba9e03000 rw-p 01311000 08:11 1040929                    /usr/lib/jvm/java-17-openjdk-amd64/lib/server/libjvm.so
7f9ba9e03000-7f9ba9e5f000 rw-p 00000000 00:00 0 
7f9ba9e5f000-7f9ba9e66000 r--p 00000000 08:11 26847                      /lib/x86_64-linux-gnu/libpthread-2.31.so
7f9ba9e66000-7f9ba9e77000 r-xp 00007000 08:11 26847                      /lib/x86_64-linux-gnu/libpthread-2.31.so
7f9ba9e77000-7f9ba9e7c000 r--p 00018000 08:11 26847                      /lib/x86_64-linux-gnu/libpthread-2.31.so
7f9ba9e7c000-7f9ba9e7d000 r--p 0001c000 08:11 26847                      /lib/x86_64-linux-gnu/libpthread-2.31.so
7f9ba9e7d000-7f9ba9e7e000 rw-p 0001d000 08:11 26847                      /lib/x86_64-linux-gnu/libpthread-2.31.so
7f9ba9e7e000-7f9ba9e82000 rw-p 00000000 00:00 0 
7f9ba9e82000-7f9ba9e83000 r--p 00000000 08:11 18634                      /lib/x86_64-linux-gnu/libdl-2.31.so
7f9ba9e83000-7f9ba9e85000 r-xp 00001000 08:11 18634                      /lib/x86_64-linux-gnu/libdl-2.31.so
7f9ba9e85000-7f9ba9e86000 r--p 00003000 08:11 18634                      /lib/x86_64-linux-gnu/libdl-2.31.so
7f9ba9e86000-7f9ba9e87000 r--p 00003000 08:11 18634                      /lib/x86_64-linux-gnu/libdl-2.31.so
7f9ba9e87000-7f9ba9e88000 rw-p 00004000 08:11 18634                      /lib/x86_64-linux-gnu/libdl-2.31.so
7f9ba9e88000-7f9ba9e8a000 r--p 00000000 08:11 38                         /lib/x86_64-linux-gnu/libz.so.1.2.11
7f9ba9e8a000-7f9ba9e9b000 r-xp 00002000 08:11 38                         /lib/x86_64-linux-gnu/libz.so.1.2.11
7f9ba9e9b000-7f9ba9ea1000 r--p 00013000 08:11 38                         /lib/x86_64-linux-gnu/libz.so.1.2.11
7f9ba9ea1000-7f9ba9ea2000 ---p 00019000 08:11 38                         /lib/x86_64-linux-gnu/libz.so.1.2.11
7f9ba9ea2000-7f9ba9ea3000 r--p 00019000 08:11 38                         /lib/x86_64-linux-gnu/libz.so.1.2.11
7f9ba9ea3000-7f9ba9ea4000 rw-p 0001a000 08:11 38                         /lib/x86_64-linux-gnu/libz.so.1.2.11
7f9ba9ea4000-7f9ba9ec9000 r--p 00000000 08:11 17915                      /lib/x86_64-linux-gnu/libc-2.31.so
7f9ba9ec9000-7f9baa041000 r-xp 00025000 08:11 17915                      /lib/x86_64-linux-gnu/libc-2.31.so
7f9baa041000-7f9baa08b000 r--p 0019d000 08:11 17915                      /lib/x86_64-linux-gnu/libc-2.31.so
7f9baa08b000-7f9baa08c000 ---p 001e7000 08:11 17915                      /lib/x86_64-linux-gnu/libc-2.31.so
7f9baa08c000-7f9baa08f000 r--p 001e7000 08:11 17915                      /lib/x86_64-linux-gnu/libc-2.31.so
7f9baa08f000-7f9baa092000 rw-p 001ea000 08:11 17915                      /lib/x86_64-linux-gnu/libc-2.31.so
7f9baa092000-7f9baa096000 rw-p 00000000 00:00 0 
7f9baa097000-7f9baa099000 r--p 00000000 08:11 788173                     /usr/lib/jvm/java-17-openjdk-amd64/lib/libjimage.so
7f9baa099000-7f9baa09c000 r-xp 00002000 08:11 788173                     /usr/lib/jvm/java-17-openjdk-amd64/lib/libjimage.so
7f9baa09c000-7f9baa09d000 r--p 00005000 08:11 788173                     /usr/lib/jvm/java-17-openjdk-amd64/lib/libjimage.so
7f9baa09d000-7f9baa09e000 ---p 00006000 08:11 788173                     /usr/lib/jvm/java-17-openjdk-amd64/lib/libjimage.so
7f9baa09e000-7f9baa09f000 r--p 00006000 08:11 788173                     /usr/lib/jvm/java-17-openjdk-amd64/lib/libjimage.so
7f9baa09f000-7f9baa0a0000 rw-p 00007000 08:11 788173                     /usr/lib/jvm/java-17-openjdk-amd64/lib/libjimage.so
7f9baa0a0000-7f9baa0a2000 r--p 00000000 08:11 788174                     /usr/lib/jvm/java-17-openjdk-amd64/lib/libjli.so
7f9baa0a2000-7f9baa0ac000 r-xp 00002000 08:11 788174                     /usr/lib/jvm/java-17-openjdk-amd64/lib/libjli.so
7f9baa0ac000-7f9baa0af000 r--p 0000c000 08:11 788174                     /usr/lib/jvm/java-17-openjdk-amd64/lib/libjli.so
7f9baa0af000-7f9baa0b0000 ---p 0000f000 08:11 788174                     /usr/lib/jvm/java-17-openjdk-amd64/lib/libjli.so
7f9baa0b0000-7f9baa0b1000 r--p 0000f000 08:11 788174                     /usr/lib/jvm/java-17-openjdk-amd64/lib/libjli.so
7f9baa0b1000-7f9baa0b2000 rw-p 00010000 08:11 788174                     /usr/lib/jvm/java-17-openjdk-amd64/lib/libjli.so
7f9baa0b2000-7f9baa0b4000 rw-p 00000000 00:00 0 
7f9baa0b4000-7f9baa0b5000 r--p 00000000 08:11 17673                      /lib/x86_64-linux-gnu/ld-2.31.so
7f9baa0b5000-7f9baa0d8000 r-xp 00001000 08:11 17673                      /lib/x86_64-linux-gnu/ld-2.31.so
7f9baa0d8000-7f9baa0e0000 r--p 00024000 08:11 17673                      /lib/x86_64-linux-gnu/ld-2.31.so
7f9baa0e0000-7f9baa0e1000 ---p 00000000 00:00 0 
7f9baa0e1000-7f9baa0e2000 r--p 0002c000 08:11 17673                      /lib/x86_64-linux-gnu/ld-2.31.so
7f9baa0e2000-7f9baa0e3000 rw-p 0002d000 08:11 17673                      /lib/x86_64-linux-gnu/ld-2.31.so
7f9baa0e3000-7f9baa0e4000 rw-p 00000000 00:00 0 
7ffd295be000-7ffd295df000 rw-p 00000000 00:00 0                          [stack]
7ffd295f1000-7ffd295f5000 r--p 00000000 00:00 0                          [vvar]
7ffd295f5000-7ffd295f7000 r-xp 00000000 00:00 0                          [vdso]
ffffffffff600000-ffffffffff601000 r-xp 00000000 00:00 0                  [vsyscall]


VM Arguments:
jvm_args: -Xms4G -Xmx4G -XX:+UseG1GC -XX:+ParallelRefProcEnabled -XX:MaxGCPauseMillis=200 -XX:+UnlockExperimentalVMOptions -XX:+DisableExplicitGC -XX:+AlwaysPreTouch -XX:G1HeapWastePercent=5 -XX:G1MixedGCCountTarget=4 -XX:G1MixedGCLiveThresholdPercent=90 -XX:G1RSetUpdatingPauseTimePercent=5 -XX:SurvivorRatio=32 -XX:+PerfDisableSharedMem -XX:MaxTenuringThreshold=1 -XX:G1NewSizePercent=30 -XX:G1MaxNewSizePercent=40 -XX:G1HeapRegionSize=8M -XX:G1ReservePercent=20 -XX:InitiatingHeapOccupancyPercent=15 -Dusing.aikars.flags=https://mcflags.emc.gs/ -Daikars.new.flags=true 
java_command: server.jar nogui
java_class_path (initial): server.jar
Launcher Type: SUN_STANDARD

[Global flags]
     bool AlwaysPreTouch                           = true                                      {product} {command line}
     bool AlwaysTenure                             = false                                     {product} {command line}
     intx CICompilerCount                          = 2                                         {product} {ergonomic}
     uint ConcGCThreads                            = 1                                         {product} {ergonomic}
     bool DisableExplicitGC                        = true                                      {product} {command line}
     uint G1ConcRefinementThreads                  = 2                                         {product} {ergonomic}
     uint G1EagerReclaimRemSetThreshold            = 64                                   {experimental} {ergonomic}
   size_t G1HeapRegionSize                         = 8388608                                   {product} {command line}
    uintx G1HeapWastePercent                       = 5                                         {product} {command line}
    uintx G1MaxNewSizePercent                      = 40                                   {experimental} {command line}
    uintx G1MixedGCCountTarget                     = 4                                         {product} {command line}
    uintx G1MixedGCLiveThresholdPercent            = 90                                   {experimental} {command line}
    uintx G1NewSizePercent                         = 30                                   {experimental} {command line}
     intx G1RSetUpdatingPauseTimePercent           = 5                                         {product} {command line}
    uintx G1ReservePercent                         = 20                                        {product} {command line}
    uintx GCDrainStackTargetSize                   = 64                                        {product} {ergonomic}
   size_t InitialHeapSize                          = 4294967296                                {product} {command line}
    uintx InitialTenuringThreshold                 = 1                                         {product} {ergonomic}
    uintx InitiatingHeapOccupancyPercent           = 15                                        {product} {command line}
   size_t MarkStackSize                            = 4194304                                   {product} {ergonomic}
    uintx MaxGCPauseMillis                         = 200                                       {product} {command line}
   size_t MaxHeapSize                              = 4294967296                                {product} {command line}
    uintx MaxTenuringThreshold                     = 1                                         {product} {command line}
   size_t MinHeapDeltaBytes                        = 8388608                                   {product} {ergonomic}
   size_t MinHeapSize                              = 4294967296                                {product} {command line}
     bool NeverTenure                              = false                                     {product} {command line}
    uintx NonNMethodCodeHeapSize                   = 5826188                                {pd product} {ergonomic}
    uintx NonProfiledCodeHeapSize                  = 122916026                              {pd product} {ergonomic}
     bool ParallelRefProcEnabled                   = true                                      {product} {command line}
     bool PerfDisableSharedMem                     = true                                      {product} {command line}
    uintx ProfiledCodeHeapSize                     = 122916026                              {pd product} {ergonomic}
    uintx ReservedCodeCacheSize                    = 251658240                              {pd product} {ergonomic}
     bool SegmentedCodeCache                       = true                                      {product} {ergonomic}
   size_t SoftMaxHeapSize                          = 4294967296                             {manageable} {ergonomic}
    uintx SurvivorRatio                            = 32                                        {product} {command line}
     bool UnlockExperimentalVMOptions              = true                                 {experimental} {command line}
     bool UseCompressedClassPointers               = true                           {product lp64_product} {ergonomic}
     bool UseCompressedOops                        = true                           {product lp64_product} {ergonomic}
     bool UseG1GC                                  = true                                      {product} {command line}

Logging:
Log output configuration:
 #0: stdout all=warning uptime,level,tags
 #1: stderr all=off uptime,level,tags

Environment Variables:
PATH=/usr/local/sbin:/usr/local/bin:/usr/sbin:/usr/bin:/sbin:/bin:/snap/bin
SHELL=/bin/bash
LANG=C.UTF-8

Signal Handlers:
   SIGSEGV: 0x00007f9ba9a10070 in libjvm.so+16068720, mask=11100100010111111101111111111110, flags=SA_RESTART|SA_SIGINFO
    SIGBUS: 0x00007f9ba9a10070 in libjvm.so+16068720, mask=11100100010111111101111111111110, flags=SA_RESTART|SA_SIGINFO
    SIGFPE: 0x00007f9ba9a10070 in libjvm.so+16068720, mask=11100100010111111101111111111110, flags=SA_RESTART|SA_SIGINFO
   SIGPIPE: 0x00007f9ba98b2d90 in libjvm.so+14638480, mask=11100100010111111101111111111110, flags=SA_RESTART|SA_SIGINFO
   SIGXFSZ: 0x00007f9ba98b2d90 in libjvm.so+14638480, mask=11100100010111111101111111111110, flags=SA_RESTART|SA_SIGINFO
    SIGILL: 0x00007f9ba9a10070 in libjvm.so+16068720, mask=11100100010111111101111111111110, flags=SA_RESTART|SA_SIGINFO
   SIGUSR2: 0x00007f9ba98b2420 in libjvm.so+14636064, mask=00000000000000000000000000000000, flags=SA_RESTART|SA_SIGINFO
    SIGHUP: SIG_DFL, mask=00000000000000000000000000000000, flags=none
    SIGINT: SIG_DFL, mask=00000000000000000000000000000000, flags=none
   SIGTERM: SIG_DFL, mask=00000000000000000000000000000000, flags=none
   SIGQUIT: SIG_DFL, mask=00000000000000000000000000000000, flags=none
   SIGTRAP: 0x00007f9ba9a10070 in libjvm.so+16068720, mask=11100100010111111101111111111110, flags=SA_RESTART|SA_SIGINFO


---------------  S Y S T E M  ---------------

OS:
DISTRIB_ID=Ubuntu
DISTRIB_RELEASE=20.04
DISTRIB_CODENAME=focal
DISTRIB_DESCRIPTION="Ubuntu 20.04.3 LTS"
uname: Linux 5.11.0-1025-azure #27~20.04.1-Ubuntu SMP Fri Jan 7 15:02:06 UTC 2022 x86_64
OS uptime: 0 days 0:34 hours
libc: glibc 2.31 NPTL 2.31 
rlimit (soft/hard): STACK 8192k/infinity , CORE 0k/infinity , NPROC 15599/15599 , NOFILE 1048576/1048576 , AS infinity/infinity , CPU infinity/infinity , DATA infinity/infinity , FSIZE infinity/infinity , MEMLOCK 65536k/65536k
load average: 0.14 0.07 0.05

/proc/meminfo:
MemTotal:        4028328 kB
MemFree:         2036508 kB
MemAvailable:    3503488 kB
Buffers:           37984 kB
Cached:          1620864 kB
SwapCached:            0 kB
Active:           945228 kB
Inactive:         880132 kB
Active(anon):       1052 kB
Inactive(anon):   169480 kB
Active(file):     944176 kB
Inactive(file):   710652 kB
Unevictable:       18588 kB
Mlocked:           18588 kB
SwapTotal:             0 kB
SwapFree:              0 kB
Dirty:             17084 kB
Writeback:             0 kB
AnonPages:        182396 kB
Mapped:           130540 kB
Shmem:              1080 kB
KReclaimable:      50976 kB
Slab:              90336 kB
SReclaimable:      50976 kB
SUnreclaim:        39360 kB
KernelStack:        3296 kB
PageTables:         3508 kB
NFS_Unstable:          0 kB
Bounce:                0 kB
WritebackTmp:          0 kB
CommitLimit:     2014164 kB
Committed_AS:     640708 kB
VmallocTotal:   34359738367 kB
VmallocUsed:       32876 kB
VmallocChunk:          0 kB
Percpu:             1576 kB
HardwareCorrupted:     0 kB
AnonHugePages:     26624 kB
ShmemHugePages:        0 kB
ShmemPmdMapped:        0 kB
FileHugePages:         0 kB
FilePmdMapped:         0 kB
HugePages_Total:       0
HugePages_Free:        0
HugePages_Rsvd:        0
HugePages_Surp:        0
Hugepagesize:       2048 kB
Hugetlb:               0 kB
DirectMap4k:      106432 kB
DirectMap2M:     3039232 kB
DirectMap1G:     3145728 kB

/sys/kernel/mm/transparent_hugepage/enabled: [always] madvise never
/sys/kernel/mm/transparent_hugepage/defrag (defrag/compaction efforts parameter): always defer defer+madvise [madvise] never

Process Memory:
Virtual Size: 862828K (peak: 5057132K)
Resident Set Size: 22724K (peak: 22724K) (anon: 9480K, file: 13244K, shmem: 0K)
Swapped out: 0K
C-Heap outstanding allocations: 551K

/proc/sys/kernel/threads-max (system-wide limit on the number of threads): 31199
/proc/sys/vm/max_map_count (maximum number of memory map areas a process may have): 65530
/proc/sys/kernel/pid_max (system-wide limit on number of process identifiers): 4194304

container (cgroup) information:
container_type: cgroupv1
cpu_cpuset_cpus: 0-1
cpu_memory_nodes: 0
active_processor_count: 2
cpu_quota: no quota
cpu_period: 100000
cpu_shares: no shares
memory_limit_in_bytes: unlimited
memory_and_swap_limit_in_bytes: unlimited
memory_soft_limit_in_bytes: unlimited
memory_usage_in_bytes: 1095643136
memory_max_usage_in_bytes: 1448640512

Hyper-V virtualization detected
Steal ticks since vm start: 0
Steal ticks percentage since vm start:  0.000

CPU: total 2 (initial active 2) (2 cores per cpu, 1 threads per core) family 6 model 85 stepping 4 microcode 0xffffffff, cx8, cmov, fxsr, mmx, 3dnowpref, sse, sse2, sse3, ssse3, sse4.1, sse4.2, popcnt, lzcnt, tsc, avx, avx2, aes, erms, clmul, bmi1, bmi2, rtm, adx, fma, vzeroupper, clflush, clflushopt, hv
CPU Model and flags from /proc/cpuinfo:
model name	: Intel(R) Xeon(R) Platinum 8171M CPU @ 2.60GHz
flags		: fpu vme de pse tsc msr pae mce cx8 apic sep mtrr pge mca cmov pat pse36 clflush mmx fxsr sse sse2 ss ht syscall nx pdpe1gb rdtscp lm constant_tsc rep_good nopl xtopology cpuid pni pclmulqdq ssse3 fma cx16 pcid sse4_1 sse4_2 movbe popcnt aes xsave avx f16c rdrand hypervisor lahf_lm abm 3dnowprefetch invpcid_single pti fsgsbase bmi1 hle avx2 smep bmi2 erms invpcid rtm mpx avx512f avx512dq rdseed adx smap clflushopt avx512cd avx512bw avx512vl xsaveopt xsavec xsaves md_clear

Online cpus: 0-1
Offline cpus: 
BIOS frequency limitation: <Not Available>
Frequency switch latency (ns): <Not Available>
Available cpu frequencies: <Not Available>
Current governor: <Not Available>
Core performance/turbo boost: <Not Available>

Memory: 4k page, physical 4028328k(2036508k free), swap 0k(0k free)
Page Sizes: 4k

vm_info: OpenJDK 64-Bit Server VM (17.0.1+12-Ubuntu-120.04) for linux-amd64 JRE (17.0.1+12-Ubuntu-120.04), built on Oct 29 2021 11:12:19 by "unknown" with gcc 9.3.0

END.
