[23:47:32] [ServerMain/INFO]: Environment: authHost='https://authserver.mojang.com', accountsHost='https://api.mojang.com', sessionHost='https://sessionserver.mojang.com', servicesHost='https://api.minecraftservices.com', name='PROD'
[23:47:32] [ServerMain/INFO]: Reloading ResourceManager: Default, bukkit
[23:47:33] [Worker-Main-1/INFO]: Loaded 7 recipes
[23:47:35] [Server thread/INFO]: Starting minecraft server version 1.18.1
[23:47:35] [Server thread/WARN]: ****************************
[23:47:35] [Server thread/WARN]: YOU ARE RUNNING THIS SERVER AS AN ADMINISTRATIVE OR ROOT USER. THIS IS NOT ADVISED.
[23:47:35] [Server thread/WARN]: YOU ARE OPENING YOURSELF UP TO POTENTIAL RISKS WHEN DOING THIS.
[23:47:35] [Server thread/WARN]: FOR MORE INFORMATION, SEE https://madelinemiller.dev/blog/root-minecraft-server/
[23:47:35] [Server thread/WARN]: ****************************
[23:47:35] [Server thread/INFO]: Loading properties
[23:47:35] [Server thread/INFO]: This server is running Paper version git-Paper-145 (MC: 1.18.1) (Implementing API version 1.18.1-R0.1-SNAPSHOT) (Git: 3ea224d)
[23:47:35] [Server thread/INFO]: Server Ping Player Sample Count: 12
[23:47:35] [Server thread/INFO]: Using 4 threads for Netty based IO
[23:47:35] [Server thread/INFO]: Default game type: SURVIVAL
[23:47:35] [Server thread/INFO]: Generating keypair
[23:47:35] [Server thread/INFO]: Starting Minecraft server on *:25565
[23:47:35] [Server thread/INFO]: Using epoll channel type
[23:47:35] [Server thread/INFO]: Paper: Using libdeflate (Linux x86_64) compression from Velocity.
[23:47:35] [Server thread/INFO]: Paper: Using OpenSSL 1.1.x (Linux x86_64) cipher from Velocity.
[23:47:36] [Server thread/INFO]: [SpigotPing] Loading SpigotPing v2.6
[23:47:36] [Server thread/INFO]: [HeadsPlus] Loading HeadsPlus v7.0.3
[23:47:36] [Server thread/INFO]: Server permissions file permissions.yml is empty, ignoring it
[23:47:36] [Server thread/INFO]: Preparing level "world"
[23:47:37] [Server thread/INFO]: Preparing start region for dimension minecraft:overworld
[23:47:38] [Server thread/INFO]: Preparing spawn area: 0%
[23:47:38] [Server thread/INFO]: Preparing spawn area: 0%
[23:47:38] [Server thread/INFO]: Preparing spawn area: 0%
[23:47:39] [Server thread/INFO]: Preparing spawn area: 0%
[23:47:39] [Server thread/INFO]: Preparing spawn area: 0%
[23:47:40] [Server thread/INFO]: Preparing spawn area: 0%
[23:47:40] [Server thread/INFO]: Time elapsed: 2876 ms
[23:47:40] [Server thread/INFO]: Preparing start region for dimension minecraft:the_nether
[23:47:40] [Server thread/INFO]: Preparing spawn area: 0%
[23:47:40] [Server thread/INFO]: Preparing spawn area: 0%
[23:47:41] [Server thread/INFO]: Preparing spawn area: 0%
[23:47:41] [Server thread/INFO]: Preparing spawn area: 0%
[23:47:42] [Server thread/INFO]: Preparing spawn area: 0%
[23:47:42] [Server thread/INFO]: Time elapsed: 2129 ms
[23:47:42] [Server thread/INFO]: Preparing start region for dimension minecraft:the_end
[23:47:42] [Server thread/INFO]: Preparing spawn area: 0%
[23:47:43] [Server thread/INFO]: Preparing spawn area: 0%
[23:47:43] [Server thread/INFO]: Preparing spawn area: 0%
[23:47:43] [Server thread/INFO]: Time elapsed: 1018 ms
[23:47:43] [Server thread/INFO]: [SpigotPing] Enabling SpigotPing v2.6
[23:47:43] [Server thread/INFO]: [SpigotPing] TabList is enabled, task added with a delay of 5 second/s.
[23:47:43] [Server thread/INFO]: [HeadsPlus] Enabling HeadsPlus v7.0.3
[23:47:43] [Server thread/WARN]: [HeadsPlus] Sellhead disabled due to Vault itself not being found. (Error code: 1)
[23:47:44] [Server thread/INFO]: [HeadsPlus] Registered 418 heads.
[23:47:44] [Server thread/INFO]: [HeadsPlus] Registered 3 masks.
[23:47:44] [Server thread/INFO]: HeadsPlus »  HeadsPlus has been enabled!
[23:47:44] [Server thread/INFO]:     __  __               __     ____  __                   _____
[23:47:44] [Server thread/INFO]:    / / / /__  ____ _____/ /____/ __ \/ /_  _______   _   _/__  /
[23:47:44] [Server thread/INFO]:   / /_/ / _ \/ __ `/ __  / ___/ /_/ / / / / / ___/  | | / / / / 
[23:47:44] [Server thread/INFO]:  / __  /  __/ /_/ / /_/ /__  / ____/ / /_/ /__  /   | |/ / / /  
[23:47:44] [Server thread/INFO]: /_/ /_/\___/\__,_/\__,_/____/_/   /_/\__,_/____/    |___/ /_/  
[23:47:44] [Server thread/INFO]:                                                                 
[23:47:44] [Server thread/INFO]: HeadsPlus 7.0.3 has been enabled successfully!
[23:47:44] [Server thread/INFO]: 
[23:47:44] [Server thread/INFO]: Running delayed init tasks
[23:47:44] [Server thread/INFO]: Done (9.470s)! For help, type "help"
[23:47:44] [Server thread/INFO]: Timings Reset
[23:47:44] [Craft Scheduler Thread - 1 - HeadsPlus/INFO]: [HeadsPlus] Registered 1 rewards.
[23:47:44] [Craft Scheduler Thread - 1 - HeadsPlus/INFO]: [HeadsPlus] Registered 36 levels.
[23:47:45] [Craft Scheduler Thread - 2 - HeadsPlus/INFO]: HeadsPlus »  Current version: 7.0.3
HeadsPlus »  New version: 7.0.4
HeadsPlus »  Description: Exploit fix
[23:47:45] [Craft Scheduler Thread - 2 - HeadsPlus/INFO]: [HeadsPlus] Download link: https://www.spigotmc.org/resources/headsplus-1-8-x-1-12-x.40265/
[23:47:46] [Server thread/INFO]: [HeadsPlus] Avengers, assemble!
[23:55:55] [Server thread/WARN]: Can't keep up! Is the server overloaded? Running 6962ms or 139 ticks behind
[23:56:05] [Paper Watchdog Thread/ERROR]: --- DO NOT REPORT THIS TO PAPER - THIS IS NOT A BUG OR A CRASH  - git-Paper-145 (MC: 1.18.1) ---
[23:56:10] [Paper Watchdog Thread/ERROR]: The server has not responded for -8 seconds! Creating thread dump
[23:56:11] [Paper Watchdog Thread/ERROR]: ------------------------------
[23:56:12] [Paper Watchdog Thread/ERROR]: Server thread dump (Look for plugins here before reporting to Paper!):
[23:57:30] [Paper Watchdog Thread/ERROR]: ------------------------------
[23:57:30] [Paper Watchdog Thread/ERROR]: Current Thread: Server thread
[23:59:30] [Paper Watchdog Thread/ERROR]: 	PID: 23 | Suspended: false | Native: false | State: RUNNABLE
[23:59:31] [Paper Watchdog Thread/ERROR]: 	Stack:
