[22:22:13] [ServerMain/INFO]: Environment: authHost='https://authserver.mojang.com', accountsHost='https://api.mojang.com', sessionHost='https://sessionserver.mojang.com', servicesHost='https://api.minecraftservices.com', name='PROD'
[22:22:14] [ServerMain/INFO]: Reloading ResourceManager: Default, bukkit
[22:22:16] [Worker-Main-1/INFO]: Loaded 7 recipes
[22:22:19] [Server thread/INFO]: Starting minecraft server version 1.18.1
[22:22:19] [Server thread/INFO]: Loading properties
[22:22:20] [Server thread/INFO]: This server is running Paper version git-Paper-79 (MC: 1.18.1) (Implementing API version 1.18.1-R0.1-SNAPSHOT) (Git: 4b0b725)
[22:22:20] [Server thread/INFO]: Using 4 threads for Netty based IO
[22:22:20] [Server thread/INFO]: Server Ping Player Sample Count: 12
[22:22:20] [Server thread/INFO]: Default game type: SURVIVAL
[22:22:20] [Server thread/INFO]: Generating keypair
[22:22:20] [Server console handler/ERROR]: [TerminalConsole] Failed to read console input
java.io.IOException: The handle is invalid
	at java.io.FileInputStream.readBytes(Native Method) ~[?:?]
	at java.io.FileInputStream.read(FileInputStream.java:276) ~[?:?]
	at java.io.BufferedInputStream.read1(BufferedInputStream.java:282) ~[?:?]
	at java.io.BufferedInputStream.read(BufferedInputStream.java:343) ~[?:?]
	at sun.nio.cs.StreamDecoder.readBytes(StreamDecoder.java:270) ~[?:?]
	at sun.nio.cs.StreamDecoder.implRead(StreamDecoder.java:313) ~[?:?]
	at sun.nio.cs.StreamDecoder.read(StreamDecoder.java:188) ~[?:?]
	at java.io.InputStreamReader.read(InputStreamReader.java:177) ~[?:?]
	at java.io.BufferedReader.fill(BufferedReader.java:162) ~[?:?]
	at java.io.BufferedReader.readLine(BufferedReader.java:329) ~[?:?]
	at java.io.BufferedReader.readLine(BufferedReader.java:396) ~[?:?]
	at net.minecrell.terminalconsole.SimpleTerminalConsole.readCommands(SimpleTerminalConsole.java:180) ~[terminalconsoleappender-1.3.0.jar:?]
	at net.minecrell.terminalconsole.SimpleTerminalConsole.start(SimpleTerminalConsole.java:143) ~[terminalconsoleappender-1.3.0.jar:?]
	at net.minecraft.server.dedicated.DedicatedServer$1.run(DedicatedServer.java:111) ~[paper-1.18.1.jar:git-Paper-79]
	Suppressed: java.io.IOException: The handle is invalid
		at java.io.FileDescriptor.close0(Native Method) ~[?:?]
		at java.io.FileDescriptor.close(FileDescriptor.java:297) ~[?:?]
		at java.io.FileInputStream$1.close(FileInputStream.java:459) ~[?:?]
		at java.io.FileDescriptor.closeAll(FileDescriptor.java:355) ~[?:?]
		at java.io.FileInputStream.close(FileInputStream.java:457) ~[?:?]
		at java.io.BufferedInputStream.close(BufferedInputStream.java:481) ~[?:?]
		at sun.nio.cs.StreamDecoder.implClose(StreamDecoder.java:366) ~[?:?]
		at sun.nio.cs.StreamDecoder.close(StreamDecoder.java:204) ~[?:?]
		at java.io.InputStreamReader.close(InputStreamReader.java:192) ~[?:?]
		at java.io.BufferedReader.close(BufferedReader.java:525) ~[?:?]
		at net.minecrell.terminalconsole.SimpleTerminalConsole.readCommands(SimpleTerminalConsole.java:183) ~[terminalconsoleappender-1.3.0.jar:?]
		at net.minecrell.terminalconsole.SimpleTerminalConsole.start(SimpleTerminalConsole.java:143) ~[terminalconsoleappender-1.3.0.jar:?]
		at net.minecraft.server.dedicated.DedicatedServer$1.run(DedicatedServer.java:111) ~[paper-1.18.1.jar:git-Paper-79]
[22:22:20] [Server thread/INFO]: Starting Minecraft server on *:25565
[22:22:20] [Server thread/INFO]: Using default channel type
[22:22:20] [Server thread/INFO]: Paper: Using Java 11 compression from Velocity.
[22:22:20] [Server thread/INFO]: Paper: Using Java cipher from Velocity.
[22:22:21] [Server thread/INFO]: Server permissions file permissions.yml is empty, ignoring it
[22:22:21] [Server thread/INFO]: Preparing level "world"
[22:22:23] [Server thread/INFO]: Preparing start region for dimension minecraft:overworld
[22:22:23] [Server thread/INFO]: Time elapsed: 362 ms
[22:22:23] [Server thread/INFO]: Preparing start region for dimension minecraft:the_nether
[22:22:24] [Server thread/INFO]: Time elapsed: 170 ms
[22:22:24] [Server thread/INFO]: Preparing start region for dimension minecraft:the_end
[22:22:24] [Server thread/INFO]: Time elapsed: 140 ms
[22:22:24] [Server thread/INFO]: Running delayed init tasks
[22:22:24] [Server thread/INFO]: Done (4.469s)! For help, type "help"
[22:22:24] [Server thread/INFO]: Timings Reset
[22:22:48] [Server thread/INFO]: Stopping the server
[22:22:48] [Server thread/INFO]: Stopping server
[22:22:48] [Server thread/INFO]: Saving players
[22:22:48] [Server thread/INFO]: Saving worlds
[22:22:48] [Server thread/INFO]: Saving chunks for level 'ServerLevel[world]'/minecraft:overworld
[22:22:51] [Server thread/INFO]: Saving chunks for level 'ServerLevel[world_nether]'/minecraft:the_nether
[22:22:53] [Server thread/INFO]: Saving chunks for level 'ServerLevel[world_the_end]'/minecraft:the_end
[22:22:55] [Server thread/INFO]: ThreadedAnvilChunkStorage (world): All chunks are saved
[22:22:55] [Server thread/INFO]: ThreadedAnvilChunkStorage (DIM-1): All chunks are saved
[22:22:55] [Server thread/INFO]: ThreadedAnvilChunkStorage (DIM1): All chunks are saved
[22:22:55] [Server thread/INFO]: ThreadedAnvilChunkStorage: All dimensions are saved
[22:22:56] [Server thread/INFO]: Flushing Chunk IO
[22:22:56] [Server thread/INFO]: Closing Thread Pool
[22:22:56] [Server thread/INFO]: Closing Server
